{"/Users/andela/Desktop/projects/react/shopmate/src/components/AuthModal/AuthModal.jsx": {"path":"/Users/andela/Desktop/projects/react/shopmate/src/components/AuthModal/AuthModal.jsx","statementMap":{"0":{"start":{"line":14,"column":4},"end":{"line":14,"column":17}},"1":{"start":{"line":16,"column":4},"end":{"line":16,"column":53}},"2":{"start":{"line":17,"column":4},"end":{"line":17,"column":53}},"3":{"start":{"line":19,"column":4},"end":{"line":19,"column":55}},"4":{"start":{"line":25,"column":4},"end":{"line":25,"column":23}},"5":{"start":{"line":26,"column":40},"end":{"line":26,"column":50}},"6":{"start":{"line":27,"column":4},"end":{"line":27,"column":49}},"7":{"start":{"line":27,"column":31},"end":{"line":27,"column":49}},"8":{"start":{"line":28,"column":4},"end":{"line":28,"column":50}},"9":{"start":{"line":28,"column":31},"end":{"line":28,"column":50}},"10":{"start":{"line":32,"column":4},"end":{"line":32,"column":23}},"11":{"start":{"line":33,"column":4},"end":{"line":33,"column":55}},"12":{"start":{"line":44,"column":8},"end":{"line":44,"column":18}},"13":{"start":{"line":45,"column":38},"end":{"line":45,"column":48}},"14":{"start":{"line":47,"column":4},"end":{"line":121,"column":6}},"15":{"start":{"line":124,"column":0},"end":{"line":133,"column":2}},"16":{"start":{"line":135,"column":24},"end":{"line":140,"column":2}},"17":{"start":{"line":135,"column":39},"end":{"line":140,"column":1}}},"fnMap":{"0":{"name":"(anonymous_0)","decl":{"start":{"line":13,"column":2},"end":{"line":13,"column":3}},"loc":{"start":{"line":13,"column":21},"end":{"line":20,"column":3}},"line":13},"1":{"name":"(anonymous_1)","decl":{"start":{"line":22,"column":2},"end":{"line":22,"column":3}},"loc":{"start":{"line":22,"column":22},"end":{"line":22,"column":24}},"line":22},"2":{"name":"(anonymous_2)","decl":{"start":{"line":24,"column":2},"end":{"line":24,"column":3}},"loc":{"start":{"line":24,"column":18},"end":{"line":29,"column":3}},"line":24},"3":{"name":"(anonymous_3)","decl":{"start":{"line":31,"column":2},"end":{"line":31,"column":3}},"loc":{"start":{"line":31,"column":18},"end":{"line":34,"column":3}},"line":31},"4":{"name":"(anonymous_4)","decl":{"start":{"line":36,"column":2},"end":{"line":36,"column":3}},"loc":{"start":{"line":36,"column":11},"end":{"line":122,"column":3}},"line":36},"5":{"name":"(anonymous_5)","decl":{"start":{"line":135,"column":24},"end":{"line":135,"column":25}},"loc":{"start":{"line":135,"column":39},"end":{"line":140,"column":1}},"line":135}},"branchMap":{"0":{"loc":{"start":{"line":27,"column":4},"end":{"line":27,"column":49}},"type":"if","locations":[{"start":{"line":27,"column":4},"end":{"line":27,"column":49}},{"start":{"line":27,"column":4},"end":{"line":27,"column":49}}],"line":27},"1":{"loc":{"start":{"line":28,"column":4},"end":{"line":28,"column":50}},"type":"if","locations":[{"start":{"line":28,"column":4},"end":{"line":28,"column":50}},{"start":{"line":28,"column":4},"end":{"line":28,"column":50}}],"line":28},"2":{"loc":{"start":{"line":58,"column":17},"end":{"line":62,"column":17}},"type":"binary-expr","locations":[{"start":{"line":58,"column":17},"end":{"line":58,"column":24}},{"start":{"line":59,"column":18},"end":{"line":61,"column":24}}],"line":58},"3":{"loc":{"start":{"line":63,"column":17},"end":{"line":72,"column":17}},"type":"binary-expr","locations":[{"start":{"line":63,"column":17},"end":{"line":63,"column":38}},{"start":{"line":64,"column":18},"end":{"line":71,"column":20}}],"line":63},"4":{"loc":{"start":{"line":97,"column":27},"end":{"line":97,"column":60}},"type":"cond-expr","locations":[{"start":{"line":97,"column":37},"end":{"line":97,"column":49}},{"start":{"line":97,"column":52},"end":{"line":97,"column":60}}],"line":97}},"s":{"0":0,"1":0,"2":0,"3":0,"4":0,"5":0,"6":0,"7":0,"8":0,"9":0,"10":0,"11":0,"12":0,"13":0,"14":0,"15":1,"16":1,"17":0},"f":{"0":0,"1":0,"2":0,"3":0,"4":0,"5":0},"b":{"0":[0,0],"1":[0,0],"2":[0,0],"3":[0,0],"4":[0,0]},"_coverageSchema":"43e27e138ebf9cfc5966b082cf9a028302ed4184","hash":"2266ca554d9f2a1df4f4e6cea8192e43126734c6"}
,"/Users/andela/Desktop/projects/react/shopmate/src/components/CartIcon/CartIcon.jsx": {"path":"/Users/andela/Desktop/projects/react/shopmate/src/components/CartIcon/CartIcon.jsx","statementMap":{"0":{"start":{"line":15,"column":6},"end":{"line":15,"column":11}},"1":{"start":{"line":17,"column":2},"end":{"line":35,"column":4}},"2":{"start":{"line":38,"column":0},"end":{"line":45,"column":2}}},"fnMap":{"0":{"name":"CartIcon","decl":{"start":{"line":7,"column":9},"end":{"line":7,"column":17}},"loc":{"start":{"line":7,"column":25},"end":{"line":36,"column":1}},"line":7}},"branchMap":{},"s":{"0":0,"1":0,"2":1},"f":{"0":0},"b":{},"_coverageSchema":"43e27e138ebf9cfc5966b082cf9a028302ed4184","hash":"fde180b54c0b2f1b0577f8c0cef365f95949eed4"}
,"/Users/andela/Desktop/projects/react/shopmate/src/components/CartModal/CartModal.jsx": {"path":"/Users/andela/Desktop/projects/react/shopmate/src/components/CartModal/CartModal.jsx","statementMap":{"0":{"start":{"line":14,"column":4},"end":{"line":14,"column":17}},"1":{"start":{"line":16,"column":4},"end":{"line":16,"column":20}},"2":{"start":{"line":22,"column":3},"end":{"line":22,"column":37}},"3":{"start":{"line":26,"column":4},"end":{"line":26,"column":50}},"4":{"start":{"line":30,"column":4},"end":{"line":30,"column":72}},"5":{"start":{"line":33,"column":4},"end":{"line":35,"column":5}},"6":{"start":{"line":34,"column":6},"end":{"line":34,"column":19}},"7":{"start":{"line":36,"column":4},"end":{"line":36,"column":72}},"8":{"start":{"line":40,"column":4},"end":{"line":103,"column":7}},"9":{"start":{"line":41,"column":6},"end":{"line":102,"column":11}},"10":{"start":{"line":56,"column":31},"end":{"line":56,"column":64}},"11":{"start":{"line":73,"column":29},"end":{"line":73,"column":79}},"12":{"start":{"line":87,"column":28},"end":{"line":87,"column":78}},"13":{"start":{"line":107,"column":44},"end":{"line":107,"column":54}},"14":{"start":{"line":108,"column":15},"end":{"line":108,"column":25}},"15":{"start":{"line":110,"column":4},"end":{"line":169,"column":6}},"16":{"start":{"line":157,"column":16},"end":{"line":157,"column":40}},"17":{"start":{"line":158,"column":16},"end":{"line":158,"column":58}},"18":{"start":{"line":159,"column":16},"end":{"line":159,"column":32}},"19":{"start":{"line":172,"column":0},"end":{"line":178,"column":2}},"20":{"start":{"line":180,"column":24},"end":{"line":183,"column":2}},"21":{"start":{"line":180,"column":47},"end":{"line":183,"column":1}}},"fnMap":{"0":{"name":"(anonymous_0)","decl":{"start":{"line":13,"column":2},"end":{"line":13,"column":3}},"loc":{"start":{"line":13,"column":21},"end":{"line":17,"column":3}},"line":13},"1":{"name":"(anonymous_1)","decl":{"start":{"line":19,"column":2},"end":{"line":19,"column":3}},"loc":{"start":{"line":19,"column":22},"end":{"line":19,"column":24}},"line":19},"2":{"name":"(anonymous_2)","decl":{"start":{"line":21,"column":2},"end":{"line":21,"column":3}},"loc":{"start":{"line":21,"column":24},"end":{"line":23,"column":3}},"line":21},"3":{"name":"(anonymous_3)","decl":{"start":{"line":25,"column":2},"end":{"line":25,"column":3}},"loc":{"start":{"line":25,"column":35},"end":{"line":27,"column":3}},"line":25},"4":{"name":"(anonymous_4)","decl":{"start":{"line":29,"column":2},"end":{"line":29,"column":3}},"loc":{"start":{"line":29,"column":43},"end":{"line":31,"column":3}},"line":29},"5":{"name":"(anonymous_5)","decl":{"start":{"line":32,"column":2},"end":{"line":32,"column":3}},"loc":{"start":{"line":32,"column":43},"end":{"line":37,"column":3}},"line":32},"6":{"name":"(anonymous_6)","decl":{"start":{"line":39,"column":2},"end":{"line":39,"column":3}},"loc":{"start":{"line":39,"column":25},"end":{"line":104,"column":3}},"line":39},"7":{"name":"(anonymous_7)","decl":{"start":{"line":40,"column":21},"end":{"line":40,"column":22}},"loc":{"start":{"line":41,"column":6},"end":{"line":102,"column":11}},"line":41},"8":{"name":"(anonymous_8)","decl":{"start":{"line":56,"column":25},"end":{"line":56,"column":26}},"loc":{"start":{"line":56,"column":31},"end":{"line":56,"column":64}},"line":56},"9":{"name":"(anonymous_9)","decl":{"start":{"line":73,"column":23},"end":{"line":73,"column":24}},"loc":{"start":{"line":73,"column":29},"end":{"line":73,"column":79}},"line":73},"10":{"name":"(anonymous_10)","decl":{"start":{"line":87,"column":23},"end":{"line":87,"column":24}},"loc":{"start":{"line":87,"column":28},"end":{"line":87,"column":78}},"line":87},"11":{"name":"(anonymous_11)","decl":{"start":{"line":106,"column":2},"end":{"line":106,"column":3}},"loc":{"start":{"line":106,"column":11},"end":{"line":170,"column":3}},"line":106},"12":{"name":"(anonymous_12)","decl":{"start":{"line":156,"column":23},"end":{"line":156,"column":24}},"loc":{"start":{"line":156,"column":27},"end":{"line":161,"column":15}},"line":156},"13":{"name":"(anonymous_13)","decl":{"start":{"line":180,"column":24},"end":{"line":180,"column":25}},"loc":{"start":{"line":180,"column":47},"end":{"line":183,"column":1}},"line":180}},"branchMap":{"0":{"loc":{"start":{"line":33,"column":4},"end":{"line":35,"column":5}},"type":"if","locations":[{"start":{"line":33,"column":4},"end":{"line":35,"column":5}},{"start":{"line":33,"column":4},"end":{"line":35,"column":5}}],"line":33},"1":{"loc":{"start":{"line":121,"column":41},"end":{"line":121,"column":69}},"type":"binary-expr","locations":[{"start":{"line":121,"column":41},"end":{"line":121,"column":62}},{"start":{"line":121,"column":66},"end":{"line":121,"column":69}}],"line":121}},"s":{"0":0,"1":0,"2":0,"3":0,"4":0,"5":0,"6":0,"7":0,"8":0,"9":0,"10":0,"11":0,"12":0,"13":0,"14":0,"15":0,"16":0,"17":0,"18":0,"19":1,"20":1,"21":0},"f":{"0":0,"1":0,"2":0,"3":0,"4":0,"5":0,"6":0,"7":0,"8":0,"9":0,"10":0,"11":0,"12":0,"13":0},"b":{"0":[0,0],"1":[0,0]},"_coverageSchema":"43e27e138ebf9cfc5966b082cf9a028302ed4184","hash":"3c7006ab518ca2c7762bd77ea718c764c313292a"}
,"/Users/andela/Desktop/projects/react/shopmate/src/components/Categories/Categories.jsx": {"path":"/Users/andela/Desktop/projects/react/shopmate/src/components/Categories/Categories.jsx","statementMap":{"0":{"start":{"line":10,"column":4},"end":{"line":10,"column":17}},"1":{"start":{"line":11,"column":4},"end":{"line":11,"column":20}},"2":{"start":{"line":17,"column":4},"end":{"line":17,"column":23}},"3":{"start":{"line":18,"column":4},"end":{"line":18,"column":55}},"4":{"start":{"line":22,"column":23},"end":{"line":30,"column":5}},"5":{"start":{"line":31,"column":4},"end":{"line":41,"column":7}},"6":{"start":{"line":32,"column":6},"end":{"line":40,"column":11}},"7":{"start":{"line":35,"column":22},"end":{"line":35,"column":75}},"8":{"start":{"line":36,"column":25},"end":{"line":36,"column":59}},"9":{"start":{"line":45,"column":4},"end":{"line":59,"column":6}},"10":{"start":{"line":62,"column":0},"end":{"line":64,"column":2}},"11":{"start":{"line":67,"column":24},"end":{"line":67,"column":36}},"12":{"start":{"line":67,"column":33},"end":{"line":67,"column":35}}},"fnMap":{"0":{"name":"(anonymous_0)","decl":{"start":{"line":9,"column":2},"end":{"line":9,"column":3}},"loc":{"start":{"line":9,"column":21},"end":{"line":12,"column":3}},"line":9},"1":{"name":"(anonymous_1)","decl":{"start":{"line":14,"column":2},"end":{"line":14,"column":3}},"loc":{"start":{"line":14,"column":22},"end":{"line":14,"column":24}},"line":14},"2":{"name":"(anonymous_2)","decl":{"start":{"line":16,"column":2},"end":{"line":16,"column":3}},"loc":{"start":{"line":16,"column":41},"end":{"line":19,"column":3}},"line":16},"3":{"name":"(anonymous_3)","decl":{"start":{"line":21,"column":2},"end":{"line":21,"column":3}},"loc":{"start":{"line":21,"column":21},"end":{"line":42,"column":3}},"line":21},"4":{"name":"(anonymous_4)","decl":{"start":{"line":31,"column":26},"end":{"line":31,"column":27}},"loc":{"start":{"line":32,"column":6},"end":{"line":40,"column":11}},"line":32},"5":{"name":"(anonymous_5)","decl":{"start":{"line":35,"column":17},"end":{"line":35,"column":18}},"loc":{"start":{"line":35,"column":22},"end":{"line":35,"column":75}},"line":35},"6":{"name":"(anonymous_6)","decl":{"start":{"line":36,"column":20},"end":{"line":36,"column":21}},"loc":{"start":{"line":36,"column":25},"end":{"line":36,"column":59}},"line":36},"7":{"name":"(anonymous_7)","decl":{"start":{"line":44,"column":2},"end":{"line":44,"column":3}},"loc":{"start":{"line":44,"column":11},"end":{"line":60,"column":3}},"line":44},"8":{"name":"(anonymous_8)","decl":{"start":{"line":67,"column":24},"end":{"line":67,"column":25}},"loc":{"start":{"line":67,"column":33},"end":{"line":67,"column":35}},"line":67}},"branchMap":{},"s":{"0":0,"1":0,"2":0,"3":0,"4":0,"5":0,"6":0,"7":0,"8":0,"9":0,"10":1,"11":1,"12":0},"f":{"0":0,"1":0,"2":0,"3":0,"4":0,"5":0,"6":0,"7":0,"8":0},"b":{},"_coverageSchema":"43e27e138ebf9cfc5966b082cf9a028302ed4184","hash":"8418620371291c69d281345d5f8726339b480b19"}
,"/Users/andela/Desktop/projects/react/shopmate/src/components/CheckoutForm/CheckoutForm.jsx": {"path":"/Users/andela/Desktop/projects/react/shopmate/src/components/CheckoutForm/CheckoutForm.jsx","statementMap":{"0":{"start":{"line":11,"column":18},"end":{"line":25,"column":5}},"1":{"start":{"line":29,"column":4},"end":{"line":29,"column":17}},"2":{"start":{"line":30,"column":4},"end":{"line":30,"column":41}},"3":{"start":{"line":36,"column":4},"end":{"line":36,"column":23}},"4":{"start":{"line":37,"column":4},"end":{"line":49,"column":56}},"5":{"start":{"line":40,"column":24},"end":{"line":45,"column":9}},"6":{"start":{"line":46,"column":8},"end":{"line":46,"column":41}},"7":{"start":{"line":49,"column":22},"end":{"line":49,"column":54}},"8":{"start":{"line":53,"column":4},"end":{"line":58,"column":6}},"9":{"start":{"line":61,"column":0},"end":{"line":65,"column":2}},"10":{"start":{"line":67,"column":24},"end":{"line":69,"column":2}},"11":{"start":{"line":67,"column":40},"end":{"line":69,"column":1}}},"fnMap":{"0":{"name":"(anonymous_0)","decl":{"start":{"line":28,"column":2},"end":{"line":28,"column":3}},"loc":{"start":{"line":28,"column":21},"end":{"line":31,"column":3}},"line":28},"1":{"name":"(anonymous_1)","decl":{"start":{"line":33,"column":2},"end":{"line":33,"column":3}},"loc":{"start":{"line":33,"column":22},"end":{"line":33,"column":24}},"line":33},"2":{"name":"(anonymous_2)","decl":{"start":{"line":35,"column":2},"end":{"line":35,"column":3}},"loc":{"start":{"line":35,"column":12},"end":{"line":50,"column":3}},"line":35},"3":{"name":"(anonymous_3)","decl":{"start":{"line":39,"column":12},"end":{"line":39,"column":13}},"loc":{"start":{"line":39,"column":24},"end":{"line":47,"column":7}},"line":39},"4":{"name":"(anonymous_4)","decl":{"start":{"line":49,"column":13},"end":{"line":49,"column":14}},"loc":{"start":{"line":49,"column":22},"end":{"line":49,"column":54}},"line":49},"5":{"name":"(anonymous_5)","decl":{"start":{"line":52,"column":2},"end":{"line":52,"column":3}},"loc":{"start":{"line":52,"column":11},"end":{"line":59,"column":3}},"line":52},"6":{"name":"(anonymous_6)","decl":{"start":{"line":67,"column":24},"end":{"line":67,"column":25}},"loc":{"start":{"line":67,"column":40},"end":{"line":69,"column":1}},"line":67}},"branchMap":{},"s":{"0":1,"1":0,"2":0,"3":0,"4":0,"5":0,"6":0,"7":0,"8":0,"9":1,"10":1,"11":0},"f":{"0":0,"1":0,"2":0,"3":0,"4":0,"5":0,"6":0},"b":{},"_coverageSchema":"43e27e138ebf9cfc5966b082cf9a028302ed4184","hash":"3564014dbebcde5e612c4c86eb23b62a09d9842b"}
,"/Users/andela/Desktop/projects/react/shopmate/src/components/FirstJumbotron/FirstJumbotron.jsx": {"path":"/Users/andela/Desktop/projects/react/shopmate/src/components/FirstJumbotron/FirstJumbotron.jsx","statementMap":{"0":{"start":{"line":9,"column":4},"end":{"line":9,"column":17}},"1":{"start":{"line":10,"column":4},"end":{"line":10,"column":20}},"2":{"start":{"line":16,"column":4},"end":{"line":24,"column":6}},"3":{"start":{"line":27,"column":0},"end":{"line":27,"column":30}},"4":{"start":{"line":30,"column":24},"end":{"line":30,"column":36}},"5":{"start":{"line":30,"column":33},"end":{"line":30,"column":35}}},"fnMap":{"0":{"name":"(anonymous_0)","decl":{"start":{"line":8,"column":2},"end":{"line":8,"column":3}},"loc":{"start":{"line":8,"column":21},"end":{"line":11,"column":3}},"line":8},"1":{"name":"(anonymous_1)","decl":{"start":{"line":13,"column":2},"end":{"line":13,"column":3}},"loc":{"start":{"line":13,"column":22},"end":{"line":13,"column":24}},"line":13},"2":{"name":"(anonymous_2)","decl":{"start":{"line":15,"column":2},"end":{"line":15,"column":3}},"loc":{"start":{"line":15,"column":11},"end":{"line":25,"column":3}},"line":15},"3":{"name":"(anonymous_3)","decl":{"start":{"line":30,"column":24},"end":{"line":30,"column":25}},"loc":{"start":{"line":30,"column":33},"end":{"line":30,"column":35}},"line":30}},"branchMap":{},"s":{"0":0,"1":0,"2":0,"3":1,"4":1,"5":0},"f":{"0":0,"1":0,"2":0,"3":0},"b":{},"_coverageSchema":"43e27e138ebf9cfc5966b082cf9a028302ed4184","hash":"0fd8550573dfdb7bf91d102f6a5caa8d76defe83"}
,"/Users/andela/Desktop/projects/react/shopmate/src/components/Footer/Footer.jsx": {"path":"/Users/andela/Desktop/projects/react/shopmate/src/components/Footer/Footer.jsx","statementMap":{"0":{"start":{"line":15,"column":4},"end":{"line":15,"column":17}},"1":{"start":{"line":16,"column":4},"end":{"line":16,"column":20}},"2":{"start":{"line":22,"column":4},"end":{"line":55,"column":6}},"3":{"start":{"line":58,"column":0},"end":{"line":58,"column":22}},"4":{"start":{"line":61,"column":24},"end":{"line":61,"column":36}},"5":{"start":{"line":61,"column":33},"end":{"line":61,"column":35}}},"fnMap":{"0":{"name":"(anonymous_0)","decl":{"start":{"line":14,"column":2},"end":{"line":14,"column":3}},"loc":{"start":{"line":14,"column":21},"end":{"line":17,"column":3}},"line":14},"1":{"name":"(anonymous_1)","decl":{"start":{"line":19,"column":2},"end":{"line":19,"column":3}},"loc":{"start":{"line":19,"column":22},"end":{"line":19,"column":24}},"line":19},"2":{"name":"(anonymous_2)","decl":{"start":{"line":21,"column":2},"end":{"line":21,"column":3}},"loc":{"start":{"line":21,"column":11},"end":{"line":56,"column":3}},"line":21},"3":{"name":"(anonymous_3)","decl":{"start":{"line":61,"column":24},"end":{"line":61,"column":25}},"loc":{"start":{"line":61,"column":33},"end":{"line":61,"column":35}},"line":61}},"branchMap":{},"s":{"0":0,"1":0,"2":0,"3":1,"4":1,"5":0},"f":{"0":0,"1":0,"2":0,"3":0},"b":{},"_coverageSchema":"43e27e138ebf9cfc5966b082cf9a028302ed4184","hash":"03b6cb4b9233da0ff0742f0fcc2df4c3f2f9a370"}
,"/Users/andela/Desktop/projects/react/shopmate/src/components/Header/Header.jsx": {"path":"/Users/andela/Desktop/projects/react/shopmate/src/components/Header/Header.jsx","statementMap":{"0":{"start":{"line":24,"column":4},"end":{"line":24,"column":17}},"1":{"start":{"line":25,"column":4},"end":{"line":25,"column":20}},"2":{"start":{"line":26,"column":4},"end":{"line":26,"column":79}},"3":{"start":{"line":27,"column":4},"end":{"line":27,"column":59}},"4":{"start":{"line":31,"column":4},"end":{"line":31,"column":32}},"5":{"start":{"line":35,"column":4},"end":{"line":35,"column":23}},"6":{"start":{"line":36,"column":4},"end":{"line":36,"column":59}},"7":{"start":{"line":40,"column":4},"end":{"line":40,"column":31}},"8":{"start":{"line":43,"column":55},"end":{"line":43,"column":65}},"9":{"start":{"line":44,"column":4},"end":{"line":106,"column":6}},"10":{"start":{"line":56,"column":30},"end":{"line":56,"column":66}},"11":{"start":{"line":63,"column":30},"end":{"line":63,"column":66}},"12":{"start":{"line":70,"column":30},"end":{"line":70,"column":66}},"13":{"start":{"line":109,"column":0},"end":{"line":118,"column":2}},"14":{"start":{"line":120,"column":24},"end":{"line":123,"column":2}},"15":{"start":{"line":120,"column":48},"end":{"line":123,"column":1}}},"fnMap":{"0":{"name":"(anonymous_0)","decl":{"start":{"line":23,"column":2},"end":{"line":23,"column":3}},"loc":{"start":{"line":23,"column":21},"end":{"line":28,"column":3}},"line":23},"1":{"name":"(anonymous_1)","decl":{"start":{"line":30,"column":2},"end":{"line":30,"column":3}},"loc":{"start":{"line":30,"column":22},"end":{"line":32,"column":3}},"line":30},"2":{"name":"(anonymous_2)","decl":{"start":{"line":34,"column":2},"end":{"line":34,"column":3}},"loc":{"start":{"line":34,"column":45},"end":{"line":37,"column":3}},"line":34},"3":{"name":"(anonymous_3)","decl":{"start":{"line":39,"column":2},"end":{"line":39,"column":3}},"loc":{"start":{"line":39,"column":20},"end":{"line":41,"column":3}},"line":39},"4":{"name":"(anonymous_4)","decl":{"start":{"line":42,"column":2},"end":{"line":42,"column":3}},"loc":{"start":{"line":42,"column":11},"end":{"line":107,"column":3}},"line":42},"5":{"name":"(anonymous_5)","decl":{"start":{"line":56,"column":25},"end":{"line":56,"column":26}},"loc":{"start":{"line":56,"column":30},"end":{"line":56,"column":66}},"line":56},"6":{"name":"(anonymous_6)","decl":{"start":{"line":63,"column":25},"end":{"line":63,"column":26}},"loc":{"start":{"line":63,"column":30},"end":{"line":63,"column":66}},"line":63},"7":{"name":"(anonymous_7)","decl":{"start":{"line":70,"column":25},"end":{"line":70,"column":26}},"loc":{"start":{"line":70,"column":30},"end":{"line":70,"column":66}},"line":70},"8":{"name":"(anonymous_8)","decl":{"start":{"line":120,"column":24},"end":{"line":120,"column":25}},"loc":{"start":{"line":120,"column":48},"end":{"line":123,"column":1}},"line":120}},"branchMap":{"0":{"loc":{"start":{"line":77,"column":15},"end":{"line":91,"column":15}},"type":"cond-expr","locations":[{"start":{"line":78,"column":16},"end":{"line":83,"column":18}},{"start":{"line":85,"column":16},"end":{"line":90,"column":18}}],"line":77}},"s":{"0":0,"1":0,"2":0,"3":0,"4":0,"5":0,"6":0,"7":0,"8":0,"9":0,"10":0,"11":0,"12":0,"13":1,"14":1,"15":0},"f":{"0":0,"1":0,"2":0,"3":0,"4":0,"5":0,"6":0,"7":0,"8":0},"b":{"0":[0,0]},"_coverageSchema":"43e27e138ebf9cfc5966b082cf9a028302ed4184","hash":"57db80be0b82c1f5a95b7d4d2b43807f9d4b7755"}
,"/Users/andela/Desktop/projects/react/shopmate/src/components/Header/Top-Bar.jsx": {"path":"/Users/andela/Desktop/projects/react/shopmate/src/components/Header/Top-Bar.jsx","statementMap":{"0":{"start":{"line":20,"column":4},"end":{"line":20,"column":17}},"1":{"start":{"line":21,"column":4},"end":{"line":21,"column":20}},"2":{"start":{"line":24,"column":81},"end":{"line":24,"column":91}},"3":{"start":{"line":25,"column":4},"end":{"line":69,"column":5}},"4":{"start":{"line":26,"column":6},"end":{"line":68,"column":8}},"5":{"start":{"line":48,"column":18},"end":{"line":48,"column":37}},"6":{"start":{"line":49,"column":18},"end":{"line":49,"column":37}},"7":{"start":{"line":58,"column":18},"end":{"line":58,"column":37}},"8":{"start":{"line":59,"column":18},"end":{"line":59,"column":27}},"9":{"start":{"line":70,"column":4},"end":{"line":95,"column":6}},"10":{"start":{"line":77,"column":12},"end":{"line":77,"column":31}},"11":{"start":{"line":78,"column":12},"end":{"line":78,"column":30}},"12":{"start":{"line":88,"column":12},"end":{"line":88,"column":31}},"13":{"start":{"line":89,"column":12},"end":{"line":89,"column":30}},"14":{"start":{"line":99,"column":38},"end":{"line":99,"column":48}},"15":{"start":{"line":100,"column":4},"end":{"line":131,"column":6}},"16":{"start":{"line":134,"column":0},"end":{"line":142,"column":2}},"17":{"start":{"line":143,"column":24},"end":{"line":146,"column":2}},"18":{"start":{"line":143,"column":45},"end":{"line":146,"column":1}}},"fnMap":{"0":{"name":"(anonymous_0)","decl":{"start":{"line":19,"column":2},"end":{"line":19,"column":3}},"loc":{"start":{"line":19,"column":21},"end":{"line":22,"column":3}},"line":19},"1":{"name":"(anonymous_1)","decl":{"start":{"line":23,"column":2},"end":{"line":23,"column":3}},"loc":{"start":{"line":23,"column":20},"end":{"line":96,"column":3}},"line":23},"2":{"name":"(anonymous_2)","decl":{"start":{"line":47,"column":25},"end":{"line":47,"column":26}},"loc":{"start":{"line":47,"column":30},"end":{"line":50,"column":17}},"line":47},"3":{"name":"(anonymous_3)","decl":{"start":{"line":57,"column":25},"end":{"line":57,"column":26}},"loc":{"start":{"line":57,"column":30},"end":{"line":60,"column":17}},"line":57},"4":{"name":"(anonymous_4)","decl":{"start":{"line":76,"column":19},"end":{"line":76,"column":20}},"loc":{"start":{"line":76,"column":24},"end":{"line":79,"column":11}},"line":76},"5":{"name":"(anonymous_5)","decl":{"start":{"line":87,"column":19},"end":{"line":87,"column":20}},"loc":{"start":{"line":87,"column":24},"end":{"line":90,"column":11}},"line":87},"6":{"name":"(anonymous_6)","decl":{"start":{"line":98,"column":2},"end":{"line":98,"column":3}},"loc":{"start":{"line":98,"column":11},"end":{"line":132,"column":3}},"line":98},"7":{"name":"(anonymous_7)","decl":{"start":{"line":143,"column":24},"end":{"line":143,"column":25}},"loc":{"start":{"line":143,"column":45},"end":{"line":146,"column":1}},"line":143}},"branchMap":{"0":{"loc":{"start":{"line":25,"column":4},"end":{"line":69,"column":5}},"type":"if","locations":[{"start":{"line":25,"column":4},"end":{"line":69,"column":5}},{"start":{"line":25,"column":4},"end":{"line":69,"column":5}}],"line":25}},"s":{"0":0,"1":0,"2":0,"3":0,"4":0,"5":0,"6":0,"7":0,"8":0,"9":0,"10":0,"11":0,"12":0,"13":0,"14":0,"15":0,"16":1,"17":1,"18":0},"f":{"0":0,"1":0,"2":0,"3":0,"4":0,"5":0,"6":0,"7":0},"b":{"0":[0,0]},"_coverageSchema":"43e27e138ebf9cfc5966b082cf9a028302ed4184","hash":"1ac827621b24183537837707c850aab9da26e966"}
,"/Users/andela/Desktop/projects/react/shopmate/src/components/HomeSlider/HomeSlider.jsx": {"path":"/Users/andela/Desktop/projects/react/shopmate/src/components/HomeSlider/HomeSlider.jsx","statementMap":{"0":{"start":{"line":10,"column":4},"end":{"line":10,"column":17}},"1":{"start":{"line":11,"column":4},"end":{"line":11,"column":20}},"2":{"start":{"line":17,"column":21},"end":{"line":23,"column":5}},"3":{"start":{"line":24,"column":4},"end":{"line":36,"column":6}},"4":{"start":{"line":39,"column":0},"end":{"line":39,"column":26}},"5":{"start":{"line":42,"column":24},"end":{"line":42,"column":36}},"6":{"start":{"line":42,"column":33},"end":{"line":42,"column":35}}},"fnMap":{"0":{"name":"(anonymous_0)","decl":{"start":{"line":9,"column":2},"end":{"line":9,"column":3}},"loc":{"start":{"line":9,"column":21},"end":{"line":12,"column":3}},"line":9},"1":{"name":"(anonymous_1)","decl":{"start":{"line":14,"column":2},"end":{"line":14,"column":3}},"loc":{"start":{"line":14,"column":22},"end":{"line":14,"column":24}},"line":14},"2":{"name":"(anonymous_2)","decl":{"start":{"line":16,"column":2},"end":{"line":16,"column":3}},"loc":{"start":{"line":16,"column":11},"end":{"line":37,"column":3}},"line":16},"3":{"name":"(anonymous_3)","decl":{"start":{"line":42,"column":24},"end":{"line":42,"column":25}},"loc":{"start":{"line":42,"column":33},"end":{"line":42,"column":35}},"line":42}},"branchMap":{},"s":{"0":0,"1":0,"2":0,"3":0,"4":1,"5":1,"6":0},"f":{"0":0,"1":0,"2":0,"3":0},"b":{},"_coverageSchema":"43e27e138ebf9cfc5966b082cf9a028302ed4184","hash":"0981fbf9e7a3f98141897ac276d1be402377f4b3"}
,"/Users/andela/Desktop/projects/react/shopmate/src/components/IconInput/IconInput.jsx": {"path":"/Users/andela/Desktop/projects/react/shopmate/src/components/IconInput/IconInput.jsx","statementMap":{"0":{"start":{"line":9,"column":4},"end":{"line":9,"column":17}},"1":{"start":{"line":10,"column":4},"end":{"line":10,"column":20}},"2":{"start":{"line":16,"column":105},"end":{"line":16,"column":115}},"3":{"start":{"line":17,"column":4},"end":{"line":40,"column":6}},"4":{"start":{"line":43,"column":0},"end":{"line":53,"column":2}},"5":{"start":{"line":56,"column":24},"end":{"line":57,"column":10}},"6":{"start":{"line":57,"column":7},"end":{"line":57,"column":9}}},"fnMap":{"0":{"name":"(anonymous_0)","decl":{"start":{"line":8,"column":2},"end":{"line":8,"column":3}},"loc":{"start":{"line":8,"column":21},"end":{"line":11,"column":3}},"line":8},"1":{"name":"(anonymous_1)","decl":{"start":{"line":13,"column":2},"end":{"line":13,"column":3}},"loc":{"start":{"line":13,"column":22},"end":{"line":13,"column":24}},"line":13},"2":{"name":"(anonymous_2)","decl":{"start":{"line":15,"column":2},"end":{"line":15,"column":3}},"loc":{"start":{"line":15,"column":11},"end":{"line":41,"column":3}},"line":15},"3":{"name":"(anonymous_3)","decl":{"start":{"line":56,"column":24},"end":{"line":56,"column":25}},"loc":{"start":{"line":57,"column":7},"end":{"line":57,"column":9}},"line":57}},"branchMap":{},"s":{"0":0,"1":0,"2":0,"3":0,"4":1,"5":1,"6":0},"f":{"0":0,"1":0,"2":0,"3":0},"b":{},"_coverageSchema":"43e27e138ebf9cfc5966b082cf9a028302ed4184","hash":"50dce03400da2adf712aa9f2fc3e729ebf6616cd"}
,"/Users/andela/Desktop/projects/react/shopmate/src/components/MapProductsToCard/MapProductsToCard.jsx": {"path":"/Users/andela/Desktop/projects/react/shopmate/src/components/MapProductsToCard/MapProductsToCard.jsx","statementMap":{"0":{"start":{"line":11,"column":4},"end":{"line":11,"column":17}},"1":{"start":{"line":12,"column":4},"end":{"line":12,"column":20}},"2":{"start":{"line":20,"column":3},"end":{"line":22,"column":5}},"3":{"start":{"line":21,"column":5},"end":{"line":21,"column":111}},"4":{"start":{"line":26,"column":25},"end":{"line":26,"column":35}},"5":{"start":{"line":27,"column":4},"end":{"line":31,"column":8}},"6":{"start":{"line":34,"column":0},"end":{"line":36,"column":2}},"7":{"start":{"line":39,"column":24},"end":{"line":39,"column":36}},"8":{"start":{"line":39,"column":33},"end":{"line":39,"column":35}}},"fnMap":{"0":{"name":"(anonymous_0)","decl":{"start":{"line":10,"column":2},"end":{"line":10,"column":3}},"loc":{"start":{"line":10,"column":21},"end":{"line":13,"column":3}},"line":10},"1":{"name":"(anonymous_1)","decl":{"start":{"line":17,"column":2},"end":{"line":17,"column":3}},"loc":{"start":{"line":17,"column":22},"end":{"line":17,"column":25}},"line":17},"2":{"name":"(anonymous_2)","decl":{"start":{"line":19,"column":2},"end":{"line":19,"column":3}},"loc":{"start":{"line":19,"column":29},"end":{"line":23,"column":3}},"line":19},"3":{"name":"(anonymous_3)","decl":{"start":{"line":20,"column":23},"end":{"line":20,"column":24}},"loc":{"start":{"line":20,"column":34},"end":{"line":22,"column":4}},"line":20},"4":{"name":"(anonymous_4)","decl":{"start":{"line":25,"column":2},"end":{"line":25,"column":3}},"loc":{"start":{"line":25,"column":11},"end":{"line":32,"column":3}},"line":25},"5":{"name":"(anonymous_5)","decl":{"start":{"line":39,"column":24},"end":{"line":39,"column":25}},"loc":{"start":{"line":39,"column":33},"end":{"line":39,"column":35}},"line":39}},"branchMap":{},"s":{"0":0,"1":0,"2":0,"3":0,"4":0,"5":0,"6":1,"7":1,"8":0},"f":{"0":0,"1":0,"2":0,"3":0,"4":0,"5":0},"b":{},"_coverageSchema":"43e27e138ebf9cfc5966b082cf9a028302ed4184","hash":"55f2c17d81db34954b2cd8c976dcacc167e6ccf7"}
,"/Users/andela/Desktop/projects/react/shopmate/src/components/Pagination/Pagination.jsx": {"path":"/Users/andela/Desktop/projects/react/shopmate/src/components/Pagination/Pagination.jsx","statementMap":{"0":{"start":{"line":12,"column":4},"end":{"line":12,"column":17}},"1":{"start":{"line":13,"column":4},"end":{"line":13,"column":20}},"2":{"start":{"line":19,"column":70},"end":{"line":19,"column":80}},"3":{"start":{"line":20,"column":4},"end":{"line":29,"column":6}},"4":{"start":{"line":32,"column":0},"end":{"line":38,"column":2}},"5":{"start":{"line":41,"column":24},"end":{"line":41,"column":36}},"6":{"start":{"line":41,"column":33},"end":{"line":41,"column":35}}},"fnMap":{"0":{"name":"(anonymous_0)","decl":{"start":{"line":11,"column":2},"end":{"line":11,"column":3}},"loc":{"start":{"line":11,"column":21},"end":{"line":14,"column":3}},"line":11},"1":{"name":"(anonymous_1)","decl":{"start":{"line":16,"column":2},"end":{"line":16,"column":3}},"loc":{"start":{"line":16,"column":22},"end":{"line":16,"column":25}},"line":16},"2":{"name":"(anonymous_2)","decl":{"start":{"line":18,"column":2},"end":{"line":18,"column":3}},"loc":{"start":{"line":18,"column":11},"end":{"line":30,"column":3}},"line":18},"3":{"name":"(anonymous_3)","decl":{"start":{"line":41,"column":24},"end":{"line":41,"column":25}},"loc":{"start":{"line":41,"column":33},"end":{"line":41,"column":35}},"line":41}},"branchMap":{},"s":{"0":0,"1":0,"2":0,"3":0,"4":1,"5":1,"6":0},"f":{"0":0,"1":0,"2":0,"3":0},"b":{},"_coverageSchema":"43e27e138ebf9cfc5966b082cf9a028302ed4184","hash":"628fd6d99baea3b25ef250a7afcd04fbdfa41716"}
,"/Users/andela/Desktop/projects/react/shopmate/src/components/ProductCard/ProductCard.jsx": {"path":"/Users/andela/Desktop/projects/react/shopmate/src/components/ProductCard/ProductCard.jsx","statementMap":{"0":{"start":{"line":13,"column":4},"end":{"line":13,"column":17}},"1":{"start":{"line":14,"column":4},"end":{"line":14,"column":20}},"2":{"start":{"line":20,"column":34},"end":{"line":20,"column":44}},"3":{"start":{"line":22,"column":18},"end":{"line":22,"column":52}},"4":{"start":{"line":23,"column":21},"end":{"line":25,"column":76}},"5":{"start":{"line":27,"column":4},"end":{"line":37,"column":6}},"6":{"start":{"line":40,"column":0},"end":{"line":43,"column":2}},"7":{"start":{"line":46,"column":24},"end":{"line":48,"column":2}},"8":{"start":{"line":46,"column":43},"end":{"line":48,"column":1}}},"fnMap":{"0":{"name":"(anonymous_0)","decl":{"start":{"line":12,"column":2},"end":{"line":12,"column":3}},"loc":{"start":{"line":12,"column":21},"end":{"line":15,"column":3}},"line":12},"1":{"name":"(anonymous_1)","decl":{"start":{"line":17,"column":2},"end":{"line":17,"column":3}},"loc":{"start":{"line":17,"column":22},"end":{"line":17,"column":24}},"line":17},"2":{"name":"(anonymous_2)","decl":{"start":{"line":19,"column":2},"end":{"line":19,"column":3}},"loc":{"start":{"line":19,"column":11},"end":{"line":38,"column":3}},"line":19},"3":{"name":"(anonymous_3)","decl":{"start":{"line":46,"column":24},"end":{"line":46,"column":25}},"loc":{"start":{"line":46,"column":43},"end":{"line":48,"column":1}},"line":46}},"branchMap":{"0":{"loc":{"start":{"line":23,"column":21},"end":{"line":25,"column":76}},"type":"cond-expr","locations":[{"start":{"line":24,"column":8},"end":{"line":24,"column":26}},{"start":{"line":25,"column":8},"end":{"line":25,"column":76}}],"line":23},"1":{"loc":{"start":{"line":34,"column":9},"end":{"line":34,"column":81}},"type":"binary-expr","locations":[{"start":{"line":34,"column":9},"end":{"line":34,"column":43}},{"start":{"line":34,"column":47},"end":{"line":34,"column":81}}],"line":34}},"s":{"0":0,"1":0,"2":0,"3":0,"4":0,"5":0,"6":1,"7":1,"8":0},"f":{"0":0,"1":0,"2":0,"3":0},"b":{"0":[0,0],"1":[0,0]},"_coverageSchema":"43e27e138ebf9cfc5966b082cf9a028302ed4184","hash":"5634fed507a1b5fd7f0bd2fc3bafd060c36a2362"}
,"/Users/andela/Desktop/projects/react/shopmate/src/components/ProductCard/images.js": {"path":"/Users/andela/Desktop/projects/react/shopmate/src/components/ProductCard/images.js","statementMap":{},"fnMap":{},"branchMap":{},"s":{},"f":{},"b":{},"_coverageSchema":"43e27e138ebf9cfc5966b082cf9a028302ed4184","hash":"3d8ca296aa48037e4b382067933fb9c105570801"}
,"/Users/andela/Desktop/projects/react/shopmate/src/components/ProductReview/ProductReview.jsx": {"path":"/Users/andela/Desktop/projects/react/shopmate/src/components/ProductReview/ProductReview.jsx","statementMap":{"0":{"start":{"line":11,"column":4},"end":{"line":11,"column":17}},"1":{"start":{"line":12,"column":4},"end":{"line":12,"column":20}},"2":{"start":{"line":18,"column":23},"end":{"line":18,"column":33}},"3":{"start":{"line":19,"column":41},"end":{"line":19,"column":47}},"4":{"start":{"line":20,"column":4},"end":{"line":51,"column":6}},"5":{"start":{"line":54,"column":0},"end":{"line":56,"column":2}},"6":{"start":{"line":59,"column":24},"end":{"line":59,"column":36}},"7":{"start":{"line":59,"column":33},"end":{"line":59,"column":35}}},"fnMap":{"0":{"name":"(anonymous_0)","decl":{"start":{"line":10,"column":2},"end":{"line":10,"column":3}},"loc":{"start":{"line":10,"column":21},"end":{"line":13,"column":3}},"line":10},"1":{"name":"(anonymous_1)","decl":{"start":{"line":15,"column":2},"end":{"line":15,"column":3}},"loc":{"start":{"line":15,"column":22},"end":{"line":15,"column":24}},"line":15},"2":{"name":"(anonymous_2)","decl":{"start":{"line":17,"column":2},"end":{"line":17,"column":3}},"loc":{"start":{"line":17,"column":11},"end":{"line":52,"column":3}},"line":17},"3":{"name":"(anonymous_3)","decl":{"start":{"line":59,"column":24},"end":{"line":59,"column":25}},"loc":{"start":{"line":59,"column":33},"end":{"line":59,"column":35}},"line":59}},"branchMap":{},"s":{"0":0,"1":0,"2":0,"3":0,"4":0,"5":1,"6":1,"7":0},"f":{"0":0,"1":0,"2":0,"3":0},"b":{},"_coverageSchema":"43e27e138ebf9cfc5966b082cf9a028302ed4184","hash":"95a60a2e2a70111485b68a52683ad4d4cb1c3f2d"}
,"/Users/andela/Desktop/projects/react/shopmate/src/components/ProfileModal/ProfileModal.jsx": {"path":"/Users/andela/Desktop/projects/react/shopmate/src/components/ProfileModal/ProfileModal.jsx","statementMap":{"0":{"start":{"line":21,"column":4},"end":{"line":21,"column":17}},"1":{"start":{"line":22,"column":4},"end":{"line":38,"column":6}},"2":{"start":{"line":39,"column":4},"end":{"line":39,"column":53}},"3":{"start":{"line":40,"column":4},"end":{"line":40,"column":71}},"4":{"start":{"line":41,"column":4},"end":{"line":41,"column":55}},"5":{"start":{"line":45,"column":31},"end":{"line":45,"column":41}},"6":{"start":{"line":46,"column":4},"end":{"line":46,"column":21}},"7":{"start":{"line":50,"column":4},"end":{"line":55,"column":5}},"8":{"start":{"line":51,"column":6},"end":{"line":54,"column":8}},"9":{"start":{"line":56,"column":4},"end":{"line":56,"column":16}},"10":{"start":{"line":60,"column":21},"end":{"line":60,"column":38}},"11":{"start":{"line":61,"column":23},"end":{"line":61,"column":41}},"12":{"start":{"line":62,"column":4},"end":{"line":69,"column":7}},"13":{"start":{"line":63,"column":6},"end":{"line":68,"column":8}},"14":{"start":{"line":73,"column":4},"end":{"line":73,"column":23}},"15":{"start":{"line":74,"column":4},"end":{"line":74,"column":57}},"16":{"start":{"line":78,"column":4},"end":{"line":78,"column":23}},"17":{"start":{"line":79,"column":4},"end":{"line":79,"column":101}},"18":{"start":{"line":83,"column":4},"end":{"line":83,"column":23}},"19":{"start":{"line":84,"column":4},"end":{"line":84,"column":43}},"20":{"start":{"line":88,"column":4},"end":{"line":90,"column":7}},"21":{"start":{"line":89,"column":6},"end":{"line":89,"column":70}},"22":{"start":{"line":94,"column":35},"end":{"line":94,"column":45}},"23":{"start":{"line":95,"column":51},"end":{"line":95,"column":61}},"24":{"start":{"line":96,"column":4},"end":{"line":318,"column":6}},"25":{"start":{"line":114,"column":32},"end":{"line":114,"column":52}},"26":{"start":{"line":123,"column":32},"end":{"line":123,"column":52}},"27":{"start":{"line":132,"column":32},"end":{"line":132,"column":52}},"28":{"start":{"line":321,"column":0},"end":{"line":328,"column":2}},"29":{"start":{"line":330,"column":24},"end":{"line":335,"column":1}},"30":{"start":{"line":331,"column":2},"end":{"line":334,"column":4}}},"fnMap":{"0":{"name":"(anonymous_0)","decl":{"start":{"line":20,"column":2},"end":{"line":20,"column":3}},"loc":{"start":{"line":20,"column":21},"end":{"line":42,"column":3}},"line":20},"1":{"name":"(anonymous_1)","decl":{"start":{"line":44,"column":2},"end":{"line":44,"column":3}},"loc":{"start":{"line":44,"column":22},"end":{"line":47,"column":3}},"line":44},"2":{"name":"(anonymous_2)","decl":{"start":{"line":49,"column":2},"end":{"line":49,"column":3}},"loc":{"start":{"line":49,"column":48},"end":{"line":57,"column":3}},"line":49},"3":{"name":"(anonymous_3)","decl":{"start":{"line":59,"column":2},"end":{"line":59,"column":3}},"loc":{"start":{"line":59,"column":22},"end":{"line":70,"column":3}},"line":59},"4":{"name":"(anonymous_4)","decl":{"start":{"line":62,"column":18},"end":{"line":62,"column":19}},"loc":{"start":{"line":62,"column":31},"end":{"line":69,"column":5}},"line":62},"5":{"name":"(anonymous_5)","decl":{"start":{"line":72,"column":2},"end":{"line":72,"column":3}},"loc":{"start":{"line":72,"column":27},"end":{"line":75,"column":3}},"line":72},"6":{"name":"(anonymous_6)","decl":{"start":{"line":77,"column":2},"end":{"line":77,"column":3}},"loc":{"start":{"line":77,"column":19},"end":{"line":80,"column":3}},"line":77},"7":{"name":"(anonymous_7)","decl":{"start":{"line":82,"column":2},"end":{"line":82,"column":3}},"loc":{"start":{"line":82,"column":25},"end":{"line":85,"column":3}},"line":82},"8":{"name":"(anonymous_8)","decl":{"start":{"line":87,"column":2},"end":{"line":87,"column":3}},"loc":{"start":{"line":87,"column":25},"end":{"line":91,"column":3}},"line":87},"9":{"name":"(anonymous_9)","decl":{"start":{"line":88,"column":27},"end":{"line":88,"column":28}},"loc":{"start":{"line":88,"column":38},"end":{"line":90,"column":5}},"line":88},"10":{"name":"(anonymous_10)","decl":{"start":{"line":93,"column":2},"end":{"line":93,"column":3}},"loc":{"start":{"line":93,"column":11},"end":{"line":319,"column":3}},"line":93},"11":{"name":"(anonymous_11)","decl":{"start":{"line":114,"column":27},"end":{"line":114,"column":28}},"loc":{"start":{"line":114,"column":32},"end":{"line":114,"column":52}},"line":114},"12":{"name":"(anonymous_12)","decl":{"start":{"line":123,"column":27},"end":{"line":123,"column":28}},"loc":{"start":{"line":123,"column":32},"end":{"line":123,"column":52}},"line":123},"13":{"name":"(anonymous_13)","decl":{"start":{"line":132,"column":27},"end":{"line":132,"column":28}},"loc":{"start":{"line":132,"column":32},"end":{"line":132,"column":52}},"line":132},"14":{"name":"(anonymous_14)","decl":{"start":{"line":330,"column":24},"end":{"line":330,"column":25}},"loc":{"start":{"line":330,"column":49},"end":{"line":335,"column":1}},"line":330}},"branchMap":{"0":{"loc":{"start":{"line":50,"column":4},"end":{"line":55,"column":5}},"type":"if","locations":[{"start":{"line":50,"column":4},"end":{"line":55,"column":5}},{"start":{"line":50,"column":4},"end":{"line":55,"column":5}}],"line":50},"1":{"loc":{"start":{"line":50,"column":8},"end":{"line":50,"column":54}},"type":"binary-expr","locations":[{"start":{"line":50,"column":8},"end":{"line":50,"column":24}},{"start":{"line":50,"column":28},"end":{"line":50,"column":54}}],"line":50},"2":{"loc":{"start":{"line":113,"column":41},"end":{"line":113,"column":68}},"type":"binary-expr","locations":[{"start":{"line":113,"column":41},"end":{"line":113,"column":56}},{"start":{"line":113,"column":60},"end":{"line":113,"column":68}}],"line":113},"3":{"loc":{"start":{"line":122,"column":41},"end":{"line":122,"column":68}},"type":"binary-expr","locations":[{"start":{"line":122,"column":41},"end":{"line":122,"column":56}},{"start":{"line":122,"column":60},"end":{"line":122,"column":68}}],"line":122},"4":{"loc":{"start":{"line":131,"column":41},"end":{"line":131,"column":68}},"type":"binary-expr","locations":[{"start":{"line":131,"column":41},"end":{"line":131,"column":56}},{"start":{"line":131,"column":60},"end":{"line":131,"column":68}}],"line":131},"5":{"loc":{"start":{"line":141,"column":40},"end":{"line":141,"column":66}},"type":"binary-expr","locations":[{"start":{"line":141,"column":40},"end":{"line":141,"column":54}},{"start":{"line":141,"column":58},"end":{"line":141,"column":66}}],"line":141},"6":{"loc":{"start":{"line":189,"column":19},"end":{"line":200,"column":19}},"type":"cond-expr","locations":[{"start":{"line":190,"column":20},"end":{"line":197,"column":27}},{"start":{"line":199,"column":20},"end":{"line":199,"column":45}}],"line":189},"7":{"loc":{"start":{"line":206,"column":40},"end":{"line":206,"column":66}},"type":"binary-expr","locations":[{"start":{"line":206,"column":40},"end":{"line":206,"column":54}},{"start":{"line":206,"column":58},"end":{"line":206,"column":66}}],"line":206},"8":{"loc":{"start":{"line":283,"column":19},"end":{"line":294,"column":19}},"type":"cond-expr","locations":[{"start":{"line":284,"column":20},"end":{"line":291,"column":27}},{"start":{"line":293,"column":20},"end":{"line":293,"column":45}}],"line":283},"9":{"loc":{"start":{"line":299,"column":38},"end":{"line":299,"column":64}},"type":"binary-expr","locations":[{"start":{"line":299,"column":38},"end":{"line":299,"column":52}},{"start":{"line":299,"column":56},"end":{"line":299,"column":64}}],"line":299}},"s":{"0":0,"1":0,"2":0,"3":0,"4":0,"5":0,"6":0,"7":0,"8":0,"9":0,"10":0,"11":0,"12":0,"13":0,"14":0,"15":0,"16":0,"17":0,"18":0,"19":0,"20":0,"21":0,"22":0,"23":0,"24":0,"25":0,"26":0,"27":0,"28":1,"29":1,"30":0},"f":{"0":0,"1":0,"2":0,"3":0,"4":0,"5":0,"6":0,"7":0,"8":0,"9":0,"10":0,"11":0,"12":0,"13":0,"14":0},"b":{"0":[0,0],"1":[0,0],"2":[0,0],"3":[0,0],"4":[0,0],"5":[0,0],"6":[0,0],"7":[0,0],"8":[0,0],"9":[0,0]},"_coverageSchema":"43e27e138ebf9cfc5966b082cf9a028302ed4184","hash":"4656612afa7b59d2f57cdac77e8874bafeaebcd9"}
,"/Users/andela/Desktop/projects/react/shopmate/src/components/ProfileModal/countries.js": {"path":"/Users/andela/Desktop/projects/react/shopmate/src/components/ProfileModal/countries.js","statementMap":{"0":{"start":{"line":2,"column":28},"end":{"line":16,"column":93}}},"fnMap":{},"branchMap":{},"s":{"0":1},"f":{},"b":{},"_coverageSchema":"43e27e138ebf9cfc5966b082cf9a028302ed4184","hash":"c975ab52f7cc3f59bb6450f9b11bc6c93bd776a4"}
,"/Users/andela/Desktop/projects/react/shopmate/src/components/Quote/Quote.jsx": {"path":"/Users/andela/Desktop/projects/react/shopmate/src/components/Quote/Quote.jsx","statementMap":{"0":{"start":{"line":9,"column":4},"end":{"line":9,"column":17}},"1":{"start":{"line":10,"column":4},"end":{"line":10,"column":20}},"2":{"start":{"line":16,"column":4},"end":{"line":50,"column":6}},"3":{"start":{"line":53,"column":0},"end":{"line":53,"column":27}},"4":{"start":{"line":56,"column":24},"end":{"line":56,"column":36}},"5":{"start":{"line":56,"column":33},"end":{"line":56,"column":35}}},"fnMap":{"0":{"name":"(anonymous_0)","decl":{"start":{"line":8,"column":2},"end":{"line":8,"column":3}},"loc":{"start":{"line":8,"column":21},"end":{"line":11,"column":3}},"line":8},"1":{"name":"(anonymous_1)","decl":{"start":{"line":13,"column":2},"end":{"line":13,"column":3}},"loc":{"start":{"line":13,"column":22},"end":{"line":13,"column":24}},"line":13},"2":{"name":"(anonymous_2)","decl":{"start":{"line":15,"column":2},"end":{"line":15,"column":3}},"loc":{"start":{"line":15,"column":11},"end":{"line":51,"column":3}},"line":15},"3":{"name":"(anonymous_3)","decl":{"start":{"line":56,"column":24},"end":{"line":56,"column":25}},"loc":{"start":{"line":56,"column":33},"end":{"line":56,"column":35}},"line":56}},"branchMap":{},"s":{"0":0,"1":0,"2":0,"3":1,"4":1,"5":0},"f":{"0":0,"1":0,"2":0,"3":0},"b":{},"_coverageSchema":"43e27e138ebf9cfc5966b082cf9a028302ed4184","hash":"0b15ed809b60d530578f59827fccb699fa3081c4"}
,"/Users/andela/Desktop/projects/react/shopmate/src/components/SearchInput/SearchInput.jsx": {"path":"/Users/andela/Desktop/projects/react/shopmate/src/components/SearchInput/SearchInput.jsx","statementMap":{"0":{"start":{"line":10,"column":4},"end":{"line":10,"column":17}},"1":{"start":{"line":11,"column":4},"end":{"line":11,"column":36}},"2":{"start":{"line":12,"column":4},"end":{"line":12,"column":53}},"3":{"start":{"line":13,"column":4},"end":{"line":13,"column":55}},"4":{"start":{"line":19,"column":31},"end":{"line":19,"column":41}},"5":{"start":{"line":20,"column":28},"end":{"line":20,"column":38}},"6":{"start":{"line":21,"column":4},"end":{"line":21,"column":23}},"7":{"start":{"line":22,"column":4},"end":{"line":22,"column":47}},"8":{"start":{"line":25,"column":4},"end":{"line":25,"column":23}},"9":{"start":{"line":26,"column":4},"end":{"line":28,"column":7}},"10":{"start":{"line":31,"column":22},"end":{"line":31,"column":32}},"11":{"start":{"line":32,"column":4},"end":{"line":56,"column":6}},"12":{"start":{"line":59,"column":0},"end":{"line":61,"column":2}},"13":{"start":{"line":64,"column":24},"end":{"line":66,"column":2}},"14":{"start":{"line":64,"column":42},"end":{"line":66,"column":1}}},"fnMap":{"0":{"name":"(anonymous_0)","decl":{"start":{"line":9,"column":2},"end":{"line":9,"column":3}},"loc":{"start":{"line":9,"column":21},"end":{"line":14,"column":3}},"line":9},"1":{"name":"(anonymous_1)","decl":{"start":{"line":16,"column":2},"end":{"line":16,"column":3}},"loc":{"start":{"line":16,"column":22},"end":{"line":16,"column":25}},"line":16},"2":{"name":"(anonymous_2)","decl":{"start":{"line":18,"column":2},"end":{"line":18,"column":3}},"loc":{"start":{"line":18,"column":17},"end":{"line":23,"column":3}},"line":18},"3":{"name":"(anonymous_3)","decl":{"start":{"line":24,"column":2},"end":{"line":24,"column":3}},"loc":{"start":{"line":24,"column":18},"end":{"line":29,"column":3}},"line":24},"4":{"name":"(anonymous_4)","decl":{"start":{"line":30,"column":2},"end":{"line":30,"column":3}},"loc":{"start":{"line":30,"column":11},"end":{"line":57,"column":3}},"line":30},"5":{"name":"(anonymous_5)","decl":{"start":{"line":64,"column":24},"end":{"line":64,"column":25}},"loc":{"start":{"line":64,"column":42},"end":{"line":66,"column":1}},"line":64}},"branchMap":{},"s":{"0":0,"1":0,"2":0,"3":0,"4":0,"5":0,"6":0,"7":0,"8":0,"9":0,"10":0,"11":0,"12":1,"13":1,"14":0},"f":{"0":0,"1":0,"2":0,"3":0,"4":0,"5":0},"b":{},"_coverageSchema":"43e27e138ebf9cfc5966b082cf9a028302ed4184","hash":"c1c190149976600264dcccaabbaba458c264ca7d"}
,"/Users/andela/Desktop/projects/react/shopmate/src/components/SearchInputMobile/SearchInputMobile.jsx": {"path":"/Users/andela/Desktop/projects/react/shopmate/src/components/SearchInputMobile/SearchInputMobile.jsx","statementMap":{"0":{"start":{"line":9,"column":4},"end":{"line":9,"column":17}},"1":{"start":{"line":10,"column":4},"end":{"line":10,"column":20}},"2":{"start":{"line":11,"column":4},"end":{"line":11,"column":37}},"3":{"start":{"line":12,"column":4},"end":{"line":12,"column":53}},"4":{"start":{"line":13,"column":4},"end":{"line":13,"column":55}},"5":{"start":{"line":19,"column":31},"end":{"line":19,"column":41}},"6":{"start":{"line":20,"column":28},"end":{"line":20,"column":38}},"7":{"start":{"line":21,"column":4},"end":{"line":21,"column":23}},"8":{"start":{"line":22,"column":4},"end":{"line":22,"column":49}},"9":{"start":{"line":25,"column":4},"end":{"line":25,"column":23}},"10":{"start":{"line":26,"column":4},"end":{"line":28,"column":7}},"11":{"start":{"line":32,"column":28},"end":{"line":32,"column":38}},"12":{"start":{"line":34,"column":4},"end":{"line":57,"column":6}},"13":{"start":{"line":60,"column":0},"end":{"line":62,"column":2}},"14":{"start":{"line":65,"column":24},"end":{"line":65,"column":36}},"15":{"start":{"line":65,"column":33},"end":{"line":65,"column":35}}},"fnMap":{"0":{"name":"(anonymous_0)","decl":{"start":{"line":8,"column":2},"end":{"line":8,"column":3}},"loc":{"start":{"line":8,"column":21},"end":{"line":14,"column":3}},"line":8},"1":{"name":"(anonymous_1)","decl":{"start":{"line":16,"column":2},"end":{"line":16,"column":3}},"loc":{"start":{"line":16,"column":22},"end":{"line":16,"column":24}},"line":16},"2":{"name":"(anonymous_2)","decl":{"start":{"line":18,"column":2},"end":{"line":18,"column":3}},"loc":{"start":{"line":18,"column":18},"end":{"line":23,"column":3}},"line":18},"3":{"name":"(anonymous_3)","decl":{"start":{"line":24,"column":2},"end":{"line":24,"column":3}},"loc":{"start":{"line":24,"column":19},"end":{"line":29,"column":3}},"line":24},"4":{"name":"(anonymous_4)","decl":{"start":{"line":31,"column":2},"end":{"line":31,"column":3}},"loc":{"start":{"line":31,"column":11},"end":{"line":58,"column":3}},"line":31},"5":{"name":"(anonymous_5)","decl":{"start":{"line":65,"column":24},"end":{"line":65,"column":25}},"loc":{"start":{"line":65,"column":33},"end":{"line":65,"column":35}},"line":65}},"branchMap":{},"s":{"0":0,"1":0,"2":0,"3":0,"4":0,"5":0,"6":0,"7":0,"8":0,"9":0,"10":0,"11":0,"12":0,"13":1,"14":1,"15":0},"f":{"0":0,"1":0,"2":0,"3":0,"4":0,"5":0},"b":{},"_coverageSchema":"43e27e138ebf9cfc5966b082cf9a028302ed4184","hash":"48da5b5aaaba86505639a7e42298000fc45f942c"}
,"/Users/andela/Desktop/projects/react/shopmate/src/components/Sidebar/Sidebar.jsx": {"path":"/Users/andela/Desktop/projects/react/shopmate/src/components/Sidebar/Sidebar.jsx","statementMap":{"0":{"start":{"line":14,"column":4},"end":{"line":14,"column":17}},"1":{"start":{"line":15,"column":4},"end":{"line":15,"column":20}},"2":{"start":{"line":19,"column":4},"end":{"line":35,"column":6}},"3":{"start":{"line":38,"column":0},"end":{"line":40,"column":2}},"4":{"start":{"line":43,"column":24},"end":{"line":43,"column":36}},"5":{"start":{"line":43,"column":33},"end":{"line":43,"column":35}}},"fnMap":{"0":{"name":"(anonymous_0)","decl":{"start":{"line":13,"column":2},"end":{"line":13,"column":3}},"loc":{"start":{"line":13,"column":21},"end":{"line":16,"column":3}},"line":13},"1":{"name":"(anonymous_1)","decl":{"start":{"line":18,"column":2},"end":{"line":18,"column":3}},"loc":{"start":{"line":18,"column":11},"end":{"line":36,"column":3}},"line":18},"2":{"name":"(anonymous_2)","decl":{"start":{"line":43,"column":24},"end":{"line":43,"column":25}},"loc":{"start":{"line":43,"column":33},"end":{"line":43,"column":35}},"line":43}},"branchMap":{"0":{"loc":{"start":{"line":22,"column":10},"end":{"line":24,"column":36}},"type":"cond-expr","locations":[{"start":{"line":23,"column":14},"end":{"line":23,"column":36}},{"start":{"line":24,"column":14},"end":{"line":24,"column":36}}],"line":22}},"s":{"0":0,"1":0,"2":0,"3":1,"4":1,"5":0},"f":{"0":0,"1":0,"2":0},"b":{"0":[0,0]},"_coverageSchema":"43e27e138ebf9cfc5966b082cf9a028302ed4184","hash":"ecfb428fd79af7493f224884de2c26689074e0b2"}
,"/Users/andela/Desktop/projects/react/shopmate/src/components/StarRatings/StarRatings.jsx": {"path":"/Users/andela/Desktop/projects/react/shopmate/src/components/StarRatings/StarRatings.jsx","statementMap":{"0":{"start":{"line":10,"column":4},"end":{"line":10,"column":17}},"1":{"start":{"line":11,"column":4},"end":{"line":11,"column":20}},"2":{"start":{"line":17,"column":62},"end":{"line":17,"column":72}},"3":{"start":{"line":18,"column":4},"end":{"line":28,"column":6}},"4":{"start":{"line":32,"column":0},"end":{"line":38,"column":2}},"5":{"start":{"line":41,"column":24},"end":{"line":41,"column":36}},"6":{"start":{"line":41,"column":33},"end":{"line":41,"column":35}}},"fnMap":{"0":{"name":"(anonymous_0)","decl":{"start":{"line":9,"column":2},"end":{"line":9,"column":3}},"loc":{"start":{"line":9,"column":21},"end":{"line":12,"column":3}},"line":9},"1":{"name":"(anonymous_1)","decl":{"start":{"line":14,"column":2},"end":{"line":14,"column":3}},"loc":{"start":{"line":14,"column":22},"end":{"line":14,"column":24}},"line":14},"2":{"name":"(anonymous_2)","decl":{"start":{"line":16,"column":2},"end":{"line":16,"column":3}},"loc":{"start":{"line":16,"column":11},"end":{"line":29,"column":3}},"line":16},"3":{"name":"(anonymous_3)","decl":{"start":{"line":41,"column":24},"end":{"line":41,"column":25}},"loc":{"start":{"line":41,"column":33},"end":{"line":41,"column":35}},"line":41}},"branchMap":{},"s":{"0":0,"1":0,"2":0,"3":0,"4":1,"5":1,"6":0},"f":{"0":0,"1":0,"2":0,"3":0},"b":{},"_coverageSchema":"43e27e138ebf9cfc5966b082cf9a028302ed4184","hash":"c879a503877d4541ee11ac646d444fa13dc1d641"}
,"/Users/andela/Desktop/projects/react/shopmate/src/components/Template/SearchInput.jsx": {"path":"/Users/andela/Desktop/projects/react/shopmate/src/components/Template/SearchInput.jsx","statementMap":{"0":{"start":{"line":10,"column":4},"end":{"line":10,"column":17}},"1":{"start":{"line":11,"column":4},"end":{"line":11,"column":20}},"2":{"start":{"line":17,"column":4},"end":{"line":17,"column":36}},"3":{"start":{"line":20,"column":0},"end":{"line":20,"column":27}},"4":{"start":{"line":23,"column":24},"end":{"line":23,"column":36}},"5":{"start":{"line":23,"column":33},"end":{"line":23,"column":35}}},"fnMap":{"0":{"name":"(anonymous_0)","decl":{"start":{"line":9,"column":2},"end":{"line":9,"column":3}},"loc":{"start":{"line":9,"column":21},"end":{"line":12,"column":3}},"line":9},"1":{"name":"(anonymous_1)","decl":{"start":{"line":14,"column":2},"end":{"line":14,"column":3}},"loc":{"start":{"line":14,"column":22},"end":{"line":14,"column":25}},"line":14},"2":{"name":"(anonymous_2)","decl":{"start":{"line":16,"column":2},"end":{"line":16,"column":3}},"loc":{"start":{"line":16,"column":11},"end":{"line":18,"column":3}},"line":16},"3":{"name":"(anonymous_3)","decl":{"start":{"line":23,"column":24},"end":{"line":23,"column":25}},"loc":{"start":{"line":23,"column":33},"end":{"line":23,"column":35}},"line":23}},"branchMap":{},"s":{"0":0,"1":0,"2":0,"3":0,"4":0,"5":0},"f":{"0":0,"1":0,"2":0,"3":0},"b":{},"hash":"ca2d02376a7d7157a4a2be91d73980ae4f2dd6a8"}
,"/Users/andela/Desktop/projects/react/shopmate/src/components/VerticalMenu/VerticalMenu.jsx": {"path":"/Users/andela/Desktop/projects/react/shopmate/src/components/VerticalMenu/VerticalMenu.jsx","statementMap":{"0":{"start":{"line":10,"column":16},"end":{"line":10,"column":28}},"1":{"start":{"line":12,"column":22},"end":{"line":12,"column":36}},"2":{"start":{"line":16,"column":4},"end":{"line":16,"column":17}},"3":{"start":{"line":17,"column":4},"end":{"line":17,"column":20}},"4":{"start":{"line":24,"column":4},"end":{"line":24,"column":29}},"5":{"start":{"line":28,"column":4},"end":{"line":85,"column":6}},"6":{"start":{"line":88,"column":0},"end":{"line":88,"column":28}},"7":{"start":{"line":91,"column":24},"end":{"line":91,"column":36}},"8":{"start":{"line":91,"column":33},"end":{"line":91,"column":35}}},"fnMap":{"0":{"name":"(anonymous_0)","decl":{"start":{"line":15,"column":2},"end":{"line":15,"column":3}},"loc":{"start":{"line":15,"column":21},"end":{"line":18,"column":3}},"line":15},"1":{"name":"(anonymous_1)","decl":{"start":{"line":20,"column":2},"end":{"line":20,"column":3}},"loc":{"start":{"line":20,"column":22},"end":{"line":20,"column":24}},"line":20},"2":{"name":"(anonymous_2)","decl":{"start":{"line":22,"column":2},"end":{"line":22,"column":3}},"loc":{"start":{"line":22,"column":17},"end":{"line":25,"column":3}},"line":22},"3":{"name":"(anonymous_3)","decl":{"start":{"line":27,"column":2},"end":{"line":27,"column":3}},"loc":{"start":{"line":27,"column":11},"end":{"line":86,"column":3}},"line":27},"4":{"name":"(anonymous_4)","decl":{"start":{"line":91,"column":24},"end":{"line":91,"column":25}},"loc":{"start":{"line":91,"column":33},"end":{"line":91,"column":35}},"line":91}},"branchMap":{},"s":{"0":1,"1":1,"2":0,"3":0,"4":0,"5":0,"6":1,"7":1,"8":0},"f":{"0":0,"1":0,"2":0,"3":0,"4":0},"b":{},"_coverageSchema":"43e27e138ebf9cfc5966b082cf9a028302ed4184","hash":"045f32c58b2e1805c4a8ba0369315ae2fb217f12"}
,"/Users/andela/Desktop/projects/react/shopmate/src/redux/actionCreators/authActions.js": {"path":"/Users/andela/Desktop/projects/react/shopmate/src/redux/actionCreators/authActions.js","statementMap":{"0":{"start":{"line":8,"column":16},"end":{"line":8,"column":47}},"1":{"start":{"line":10,"column":22},"end":{"line":29,"column":1}},"2":{"start":{"line":10,"column":36},"end":{"line":29,"column":1}},"3":{"start":{"line":11,"column":2},"end":{"line":11,"column":43}},"4":{"start":{"line":12,"column":2},"end":{"line":28,"column":4}},"5":{"start":{"line":13,"column":4},"end":{"line":13,"column":64}},"6":{"start":{"line":14,"column":4},"end":{"line":14,"column":44}},"7":{"start":{"line":15,"column":4},"end":{"line":18,"column":7}},"8":{"start":{"line":19,"column":4},"end":{"line":19,"column":42}},"9":{"start":{"line":20,"column":4},"end":{"line":20,"column":55}},"10":{"start":{"line":24,"column":6},"end":{"line":27,"column":8}},"11":{"start":{"line":31,"column":21},"end":{"line":49,"column":1}},"12":{"start":{"line":31,"column":35},"end":{"line":49,"column":1}},"13":{"start":{"line":32,"column":2},"end":{"line":32,"column":42}},"14":{"start":{"line":33,"column":2},"end":{"line":48,"column":4}},"15":{"start":{"line":34,"column":4},"end":{"line":34,"column":64}},"16":{"start":{"line":35,"column":4},"end":{"line":35,"column":44}},"17":{"start":{"line":36,"column":4},"end":{"line":39,"column":7}},"18":{"start":{"line":40,"column":4},"end":{"line":40,"column":42}},"19":{"start":{"line":41,"column":4},"end":{"line":41,"column":55}},"20":{"start":{"line":44,"column":6},"end":{"line":47,"column":8}},"21":{"start":{"line":51,"column":26},"end":{"line":53,"column":1}},"22":{"start":{"line":51,"column":32},"end":{"line":53,"column":1}},"23":{"start":{"line":52,"column":2},"end":{"line":52,"column":46}},"24":{"start":{"line":55,"column":22},"end":{"line":60,"column":1}},"25":{"start":{"line":55,"column":28},"end":{"line":60,"column":1}},"26":{"start":{"line":56,"column":2},"end":{"line":56,"column":38}},"27":{"start":{"line":57,"column":2},"end":{"line":57,"column":51}},"28":{"start":{"line":58,"column":2},"end":{"line":58,"column":54}},"29":{"start":{"line":59,"column":2},"end":{"line":59,"column":42}}},"fnMap":{"0":{"name":"(anonymous_0)","decl":{"start":{"line":10,"column":22},"end":{"line":10,"column":23}},"loc":{"start":{"line":10,"column":36},"end":{"line":29,"column":1}},"line":10},"1":{"name":"(anonymous_1)","decl":{"start":{"line":10,"column":36},"end":{"line":10,"column":37}},"loc":{"start":{"line":10,"column":48},"end":{"line":29,"column":1}},"line":10},"2":{"name":"(anonymous_2)","decl":{"start":{"line":12,"column":59},"end":{"line":12,"column":60}},"loc":{"start":{"line":12,"column":73},"end":{"line":21,"column":3}},"line":12},"3":{"name":"(anonymous_3)","decl":{"start":{"line":23,"column":4},"end":{"line":23,"column":5}},"loc":{"start":{"line":24,"column":6},"end":{"line":27,"column":8}},"line":24},"4":{"name":"(anonymous_4)","decl":{"start":{"line":31,"column":21},"end":{"line":31,"column":22}},"loc":{"start":{"line":31,"column":35},"end":{"line":49,"column":1}},"line":31},"5":{"name":"(anonymous_5)","decl":{"start":{"line":31,"column":35},"end":{"line":31,"column":36}},"loc":{"start":{"line":31,"column":47},"end":{"line":49,"column":1}},"line":31},"6":{"name":"(anonymous_6)","decl":{"start":{"line":33,"column":65},"end":{"line":33,"column":66}},"loc":{"start":{"line":33,"column":79},"end":{"line":42,"column":3}},"line":33},"7":{"name":"(anonymous_7)","decl":{"start":{"line":43,"column":4},"end":{"line":43,"column":5}},"loc":{"start":{"line":44,"column":6},"end":{"line":47,"column":8}},"line":44},"8":{"name":"(anonymous_8)","decl":{"start":{"line":51,"column":26},"end":{"line":51,"column":27}},"loc":{"start":{"line":51,"column":32},"end":{"line":53,"column":1}},"line":51},"9":{"name":"(anonymous_9)","decl":{"start":{"line":51,"column":32},"end":{"line":51,"column":33}},"loc":{"start":{"line":51,"column":44},"end":{"line":53,"column":1}},"line":51},"10":{"name":"(anonymous_10)","decl":{"start":{"line":55,"column":22},"end":{"line":55,"column":23}},"loc":{"start":{"line":55,"column":28},"end":{"line":60,"column":1}},"line":55},"11":{"name":"(anonymous_11)","decl":{"start":{"line":55,"column":28},"end":{"line":55,"column":29}},"loc":{"start":{"line":55,"column":40},"end":{"line":60,"column":1}},"line":55}},"branchMap":{},"s":{"0":2,"1":2,"2":2,"3":2,"4":2,"5":1,"6":1,"7":1,"8":1,"9":1,"10":1,"11":2,"12":2,"13":2,"14":2,"15":1,"16":1,"17":1,"18":1,"19":1,"20":1,"21":2,"22":1,"23":1,"24":2,"25":1,"26":1,"27":1,"28":1,"29":1},"f":{"0":2,"1":2,"2":1,"3":1,"4":2,"5":2,"6":1,"7":1,"8":1,"9":1,"10":1,"11":1},"b":{},"_coverageSchema":"43e27e138ebf9cfc5966b082cf9a028302ed4184","hash":"0e9d62db479fea2f02fdaab4cd57bb2fa2ea87fd"}
,"/Users/andela/Desktop/projects/react/shopmate/src/redux/actionCreators/cartActions.js": {"path":"/Users/andela/Desktop/projects/react/shopmate/src/redux/actionCreators/cartActions.js","statementMap":{"0":{"start":{"line":6,"column":16},"end":{"line":6,"column":47}},"1":{"start":{"line":8,"column":30},"end":{"line":32,"column":1}},"2":{"start":{"line":8,"column":36},"end":{"line":32,"column":1}},"3":{"start":{"line":9,"column":2},"end":{"line":9,"column":53}},"4":{"start":{"line":11,"column":2},"end":{"line":31,"column":3}},"5":{"start":{"line":12,"column":4},"end":{"line":15,"column":7}},"6":{"start":{"line":16,"column":4},"end":{"line":16,"column":70}},"7":{"start":{"line":18,"column":4},"end":{"line":30,"column":6}},"8":{"start":{"line":19,"column":8},"end":{"line":22,"column":10}},"9":{"start":{"line":23,"column":8},"end":{"line":23,"column":66}},"10":{"start":{"line":26,"column":8},"end":{"line":29,"column":10}},"11":{"start":{"line":34,"column":25},"end":{"line":53,"column":1}},"12":{"start":{"line":34,"column":42},"end":{"line":53,"column":1}},"13":{"start":{"line":35,"column":2},"end":{"line":35,"column":48}},"14":{"start":{"line":37,"column":2},"end":{"line":52,"column":4}},"15":{"start":{"line":39,"column":6},"end":{"line":39,"column":49}},"16":{"start":{"line":40,"column":6},"end":{"line":43,"column":9}},"17":{"start":{"line":46,"column":6},"end":{"line":49,"column":9}},"18":{"start":{"line":50,"column":6},"end":{"line":50,"column":63}},"19":{"start":{"line":55,"column":28},"end":{"line":73,"column":1}},"20":{"start":{"line":55,"column":40},"end":{"line":73,"column":1}},"21":{"start":{"line":56,"column":2},"end":{"line":56,"column":51}},"22":{"start":{"line":58,"column":2},"end":{"line":72,"column":4}},"23":{"start":{"line":60,"column":6},"end":{"line":63,"column":9}},"24":{"start":{"line":66,"column":6},"end":{"line":69,"column":9}},"25":{"start":{"line":70,"column":6},"end":{"line":70,"column":68}},"26":{"start":{"line":75,"column":30},"end":{"line":93,"column":1}},"27":{"start":{"line":75,"column":42},"end":{"line":93,"column":1}},"28":{"start":{"line":76,"column":2},"end":{"line":76,"column":53}},"29":{"start":{"line":78,"column":2},"end":{"line":92,"column":4}},"30":{"start":{"line":80,"column":6},"end":{"line":82,"column":9}},"31":{"start":{"line":83,"column":6},"end":{"line":83,"column":65}},"32":{"start":{"line":86,"column":6},"end":{"line":89,"column":9}},"33":{"start":{"line":90,"column":6},"end":{"line":90,"column":68}},"34":{"start":{"line":95,"column":30},"end":{"line":113,"column":1}},"35":{"start":{"line":95,"column":56},"end":{"line":113,"column":1}},"36":{"start":{"line":96,"column":2},"end":{"line":96,"column":53}},"37":{"start":{"line":98,"column":2},"end":{"line":112,"column":4}},"38":{"start":{"line":100,"column":6},"end":{"line":102,"column":9}},"39":{"start":{"line":103,"column":6},"end":{"line":103,"column":65}},"40":{"start":{"line":106,"column":6},"end":{"line":109,"column":9}},"41":{"start":{"line":110,"column":6},"end":{"line":110,"column":68}}},"fnMap":{"0":{"name":"(anonymous_0)","decl":{"start":{"line":8,"column":30},"end":{"line":8,"column":31}},"loc":{"start":{"line":8,"column":36},"end":{"line":32,"column":1}},"line":8},"1":{"name":"(anonymous_1)","decl":{"start":{"line":8,"column":36},"end":{"line":8,"column":37}},"loc":{"start":{"line":8,"column":48},"end":{"line":32,"column":1}},"line":8},"2":{"name":"(anonymous_2)","decl":{"start":{"line":18,"column":70},"end":{"line":18,"column":71}},"loc":{"start":{"line":18,"column":82},"end":{"line":24,"column":7}},"line":18},"3":{"name":"(anonymous_3)","decl":{"start":{"line":25,"column":6},"end":{"line":25,"column":7}},"loc":{"start":{"line":26,"column":8},"end":{"line":29,"column":10}},"line":26},"4":{"name":"(anonymous_4)","decl":{"start":{"line":34,"column":25},"end":{"line":34,"column":26}},"loc":{"start":{"line":34,"column":42},"end":{"line":53,"column":1}},"line":34},"5":{"name":"(anonymous_5)","decl":{"start":{"line":34,"column":42},"end":{"line":34,"column":43}},"loc":{"start":{"line":34,"column":54},"end":{"line":53,"column":1}},"line":34},"6":{"name":"(anonymous_6)","decl":{"start":{"line":38,"column":4},"end":{"line":38,"column":5}},"loc":{"start":{"line":38,"column":16},"end":{"line":44,"column":5}},"line":38},"7":{"name":"(anonymous_7)","decl":{"start":{"line":45,"column":4},"end":{"line":45,"column":5}},"loc":{"start":{"line":45,"column":13},"end":{"line":51,"column":5}},"line":45},"8":{"name":"(anonymous_8)","decl":{"start":{"line":55,"column":28},"end":{"line":55,"column":29}},"loc":{"start":{"line":55,"column":40},"end":{"line":73,"column":1}},"line":55},"9":{"name":"(anonymous_9)","decl":{"start":{"line":55,"column":40},"end":{"line":55,"column":41}},"loc":{"start":{"line":55,"column":52},"end":{"line":73,"column":1}},"line":55},"10":{"name":"(anonymous_10)","decl":{"start":{"line":59,"column":4},"end":{"line":59,"column":5}},"loc":{"start":{"line":59,"column":16},"end":{"line":64,"column":5}},"line":59},"11":{"name":"(anonymous_11)","decl":{"start":{"line":65,"column":4},"end":{"line":65,"column":5}},"loc":{"start":{"line":65,"column":13},"end":{"line":71,"column":5}},"line":65},"12":{"name":"(anonymous_12)","decl":{"start":{"line":75,"column":30},"end":{"line":75,"column":31}},"loc":{"start":{"line":75,"column":42},"end":{"line":93,"column":1}},"line":75},"13":{"name":"(anonymous_13)","decl":{"start":{"line":75,"column":42},"end":{"line":75,"column":43}},"loc":{"start":{"line":75,"column":54},"end":{"line":93,"column":1}},"line":75},"14":{"name":"(anonymous_14)","decl":{"start":{"line":79,"column":4},"end":{"line":79,"column":5}},"loc":{"start":{"line":79,"column":10},"end":{"line":84,"column":5}},"line":79},"15":{"name":"(anonymous_15)","decl":{"start":{"line":85,"column":4},"end":{"line":85,"column":5}},"loc":{"start":{"line":85,"column":13},"end":{"line":91,"column":5}},"line":85},"16":{"name":"(anonymous_16)","decl":{"start":{"line":95,"column":30},"end":{"line":95,"column":31}},"loc":{"start":{"line":95,"column":56},"end":{"line":113,"column":1}},"line":95},"17":{"name":"(anonymous_17)","decl":{"start":{"line":95,"column":56},"end":{"line":95,"column":57}},"loc":{"start":{"line":95,"column":68},"end":{"line":113,"column":1}},"line":95},"18":{"name":"(anonymous_18)","decl":{"start":{"line":99,"column":4},"end":{"line":99,"column":5}},"loc":{"start":{"line":99,"column":10},"end":{"line":104,"column":5}},"line":99},"19":{"name":"(anonymous_19)","decl":{"start":{"line":105,"column":4},"end":{"line":105,"column":5}},"loc":{"start":{"line":105,"column":13},"end":{"line":111,"column":5}},"line":105}},"branchMap":{"0":{"loc":{"start":{"line":11,"column":2},"end":{"line":31,"column":3}},"type":"if","locations":[{"start":{"line":11,"column":2},"end":{"line":31,"column":3}},{"start":{"line":11,"column":2},"end":{"line":31,"column":3}}],"line":11}},"s":{"0":2,"1":2,"2":3,"3":3,"4":3,"5":1,"6":1,"7":2,"8":1,"9":1,"10":1,"11":2,"12":2,"13":2,"14":2,"15":1,"16":1,"17":1,"18":1,"19":2,"20":2,"21":2,"22":2,"23":1,"24":1,"25":1,"26":2,"27":0,"28":0,"29":0,"30":0,"31":0,"32":0,"33":0,"34":2,"35":0,"36":0,"37":0,"38":0,"39":0,"40":0,"41":0},"f":{"0":3,"1":3,"2":1,"3":1,"4":2,"5":2,"6":1,"7":1,"8":2,"9":2,"10":1,"11":1,"12":0,"13":0,"14":0,"15":0,"16":0,"17":0,"18":0,"19":0},"b":{"0":[1,2]},"_coverageSchema":"43e27e138ebf9cfc5966b082cf9a028302ed4184","hash":"6728745be0806435c63131422049d9d17de11160"}
,"/Users/andela/Desktop/projects/react/shopmate/src/redux/actionCreators/modalActions.js": {"path":"/Users/andela/Desktop/projects/react/shopmate/src/redux/actionCreators/modalActions.js","statementMap":{"0":{"start":{"line":6,"column":32},"end":{"line":8,"column":1}},"1":{"start":{"line":6,"column":38},"end":{"line":8,"column":1}},"2":{"start":{"line":7,"column":2},"end":{"line":7,"column":53}},"3":{"start":{"line":9,"column":32},"end":{"line":12,"column":1}},"4":{"start":{"line":9,"column":38},"end":{"line":12,"column":1}},"5":{"start":{"line":10,"column":2},"end":{"line":10,"column":43}},"6":{"start":{"line":11,"column":2},"end":{"line":11,"column":53}},"7":{"start":{"line":13,"column":32},"end":{"line":15,"column":1}},"8":{"start":{"line":13,"column":38},"end":{"line":15,"column":1}},"9":{"start":{"line":14,"column":2},"end":{"line":14,"column":53}},"10":{"start":{"line":16,"column":32},"end":{"line":19,"column":1}},"11":{"start":{"line":16,"column":38},"end":{"line":19,"column":1}},"12":{"start":{"line":17,"column":2},"end":{"line":17,"column":43}},"13":{"start":{"line":18,"column":2},"end":{"line":18,"column":53}},"14":{"start":{"line":20,"column":33},"end":{"line":22,"column":1}},"15":{"start":{"line":20,"column":39},"end":{"line":22,"column":1}},"16":{"start":{"line":21,"column":2},"end":{"line":21,"column":54}},"17":{"start":{"line":23,"column":33},"end":{"line":25,"column":1}},"18":{"start":{"line":23,"column":39},"end":{"line":25,"column":1}},"19":{"start":{"line":24,"column":2},"end":{"line":24,"column":54}},"20":{"start":{"line":26,"column":30},"end":{"line":28,"column":1}},"21":{"start":{"line":26,"column":36},"end":{"line":28,"column":1}},"22":{"start":{"line":27,"column":2},"end":{"line":27,"column":51}},"23":{"start":{"line":29,"column":30},"end":{"line":31,"column":1}},"24":{"start":{"line":29,"column":36},"end":{"line":31,"column":1}},"25":{"start":{"line":30,"column":2},"end":{"line":30,"column":51}}},"fnMap":{"0":{"name":"(anonymous_0)","decl":{"start":{"line":6,"column":32},"end":{"line":6,"column":33}},"loc":{"start":{"line":6,"column":38},"end":{"line":8,"column":1}},"line":6},"1":{"name":"(anonymous_1)","decl":{"start":{"line":6,"column":38},"end":{"line":6,"column":39}},"loc":{"start":{"line":6,"column":50},"end":{"line":8,"column":1}},"line":6},"2":{"name":"(anonymous_2)","decl":{"start":{"line":9,"column":32},"end":{"line":9,"column":33}},"loc":{"start":{"line":9,"column":38},"end":{"line":12,"column":1}},"line":9},"3":{"name":"(anonymous_3)","decl":{"start":{"line":9,"column":38},"end":{"line":9,"column":39}},"loc":{"start":{"line":9,"column":50},"end":{"line":12,"column":1}},"line":9},"4":{"name":"(anonymous_4)","decl":{"start":{"line":13,"column":32},"end":{"line":13,"column":33}},"loc":{"start":{"line":13,"column":38},"end":{"line":15,"column":1}},"line":13},"5":{"name":"(anonymous_5)","decl":{"start":{"line":13,"column":38},"end":{"line":13,"column":39}},"loc":{"start":{"line":13,"column":50},"end":{"line":15,"column":1}},"line":13},"6":{"name":"(anonymous_6)","decl":{"start":{"line":16,"column":32},"end":{"line":16,"column":33}},"loc":{"start":{"line":16,"column":38},"end":{"line":19,"column":1}},"line":16},"7":{"name":"(anonymous_7)","decl":{"start":{"line":16,"column":38},"end":{"line":16,"column":39}},"loc":{"start":{"line":16,"column":50},"end":{"line":19,"column":1}},"line":16},"8":{"name":"(anonymous_8)","decl":{"start":{"line":20,"column":33},"end":{"line":20,"column":34}},"loc":{"start":{"line":20,"column":39},"end":{"line":22,"column":1}},"line":20},"9":{"name":"(anonymous_9)","decl":{"start":{"line":20,"column":39},"end":{"line":20,"column":40}},"loc":{"start":{"line":20,"column":51},"end":{"line":22,"column":1}},"line":20},"10":{"name":"(anonymous_10)","decl":{"start":{"line":23,"column":33},"end":{"line":23,"column":34}},"loc":{"start":{"line":23,"column":39},"end":{"line":25,"column":1}},"line":23},"11":{"name":"(anonymous_11)","decl":{"start":{"line":23,"column":39},"end":{"line":23,"column":40}},"loc":{"start":{"line":23,"column":51},"end":{"line":25,"column":1}},"line":23},"12":{"name":"(anonymous_12)","decl":{"start":{"line":26,"column":30},"end":{"line":26,"column":31}},"loc":{"start":{"line":26,"column":36},"end":{"line":28,"column":1}},"line":26},"13":{"name":"(anonymous_13)","decl":{"start":{"line":26,"column":36},"end":{"line":26,"column":37}},"loc":{"start":{"line":26,"column":48},"end":{"line":28,"column":1}},"line":26},"14":{"name":"(anonymous_14)","decl":{"start":{"line":29,"column":30},"end":{"line":29,"column":31}},"loc":{"start":{"line":29,"column":36},"end":{"line":31,"column":1}},"line":29},"15":{"name":"(anonymous_15)","decl":{"start":{"line":29,"column":36},"end":{"line":29,"column":37}},"loc":{"start":{"line":29,"column":48},"end":{"line":31,"column":1}},"line":29}},"branchMap":{},"s":{"0":1,"1":0,"2":0,"3":1,"4":0,"5":0,"6":0,"7":1,"8":0,"9":0,"10":1,"11":0,"12":0,"13":0,"14":1,"15":0,"16":0,"17":1,"18":0,"19":0,"20":1,"21":0,"22":0,"23":1,"24":0,"25":0},"f":{"0":0,"1":0,"2":0,"3":0,"4":0,"5":0,"6":0,"7":0,"8":0,"9":0,"10":0,"11":0,"12":0,"13":0,"14":0,"15":0},"b":{},"_coverageSchema":"43e27e138ebf9cfc5966b082cf9a028302ed4184","hash":"32785b94a54cd1a1bdf4bd6a26f389780aac2984"}
,"/Users/andela/Desktop/projects/react/shopmate/src/redux/actionCreators/orderActions.js": {"path":"/Users/andela/Desktop/projects/react/shopmate/src/redux/actionCreators/orderActions.js","statementMap":{"0":{"start":{"line":7,"column":16},"end":{"line":7,"column":47}},"1":{"start":{"line":9,"column":28},"end":{"line":29,"column":1}},"2":{"start":{"line":9,"column":66},"end":{"line":29,"column":1}},"3":{"start":{"line":10,"column":2},"end":{"line":10,"column":48}},"4":{"start":{"line":12,"column":2},"end":{"line":28,"column":4}},"5":{"start":{"line":14,"column":4},"end":{"line":14,"column":46}},"6":{"start":{"line":15,"column":4},"end":{"line":18,"column":7}},"7":{"start":{"line":19,"column":4},"end":{"line":19,"column":36}},"8":{"start":{"line":22,"column":6},"end":{"line":25,"column":9}},"9":{"start":{"line":26,"column":6},"end":{"line":26,"column":63}},"10":{"start":{"line":31,"column":25},"end":{"line":51,"column":1}},"11":{"start":{"line":31,"column":38},"end":{"line":51,"column":1}},"12":{"start":{"line":32,"column":2},"end":{"line":32,"column":45}},"13":{"start":{"line":34,"column":2},"end":{"line":50,"column":5}},"14":{"start":{"line":39,"column":4},"end":{"line":42,"column":7}},"15":{"start":{"line":45,"column":4},"end":{"line":48,"column":7}},"16":{"start":{"line":49,"column":4},"end":{"line":49,"column":59}},"17":{"start":{"line":53,"column":29},"end":{"line":69,"column":1}},"18":{"start":{"line":53,"column":42},"end":{"line":69,"column":1}},"19":{"start":{"line":54,"column":2},"end":{"line":54,"column":49}},"20":{"start":{"line":55,"column":2},"end":{"line":68,"column":5}},"21":{"start":{"line":57,"column":4},"end":{"line":60,"column":7}},"22":{"start":{"line":63,"column":4},"end":{"line":66,"column":7}},"23":{"start":{"line":67,"column":4},"end":{"line":67,"column":63}}},"fnMap":{"0":{"name":"(anonymous_0)","decl":{"start":{"line":9,"column":28},"end":{"line":9,"column":29}},"loc":{"start":{"line":9,"column":66},"end":{"line":29,"column":1}},"line":9},"1":{"name":"(anonymous_1)","decl":{"start":{"line":9,"column":66},"end":{"line":9,"column":67}},"loc":{"start":{"line":9,"column":78},"end":{"line":29,"column":1}},"line":9},"2":{"name":"(anonymous_2)","decl":{"start":{"line":13,"column":4},"end":{"line":13,"column":5}},"loc":{"start":{"line":13,"column":16},"end":{"line":20,"column":5}},"line":13},"3":{"name":"(anonymous_3)","decl":{"start":{"line":21,"column":4},"end":{"line":21,"column":5}},"loc":{"start":{"line":21,"column":13},"end":{"line":27,"column":5}},"line":21},"4":{"name":"(anonymous_4)","decl":{"start":{"line":31,"column":25},"end":{"line":31,"column":26}},"loc":{"start":{"line":31,"column":38},"end":{"line":51,"column":1}},"line":31},"5":{"name":"(anonymous_5)","decl":{"start":{"line":31,"column":38},"end":{"line":31,"column":39}},"loc":{"start":{"line":31,"column":50},"end":{"line":51,"column":1}},"line":31},"6":{"name":"(anonymous_6)","decl":{"start":{"line":38,"column":21},"end":{"line":38,"column":22}},"loc":{"start":{"line":38,"column":46},"end":{"line":43,"column":3}},"line":38},"7":{"name":"(anonymous_7)","decl":{"start":{"line":44,"column":9},"end":{"line":44,"column":10}},"loc":{"start":{"line":44,"column":18},"end":{"line":50,"column":3}},"line":44},"8":{"name":"(anonymous_8)","decl":{"start":{"line":53,"column":29},"end":{"line":53,"column":30}},"loc":{"start":{"line":53,"column":42},"end":{"line":69,"column":1}},"line":53},"9":{"name":"(anonymous_9)","decl":{"start":{"line":53,"column":42},"end":{"line":53,"column":43}},"loc":{"start":{"line":53,"column":54},"end":{"line":69,"column":1}},"line":53},"10":{"name":"(anonymous_10)","decl":{"start":{"line":56,"column":8},"end":{"line":56,"column":9}},"loc":{"start":{"line":56,"column":20},"end":{"line":61,"column":3}},"line":56},"11":{"name":"(anonymous_11)","decl":{"start":{"line":62,"column":9},"end":{"line":62,"colu
[...]
,"/Users/andela/Desktop/projects/react/shopmate/src/views/CheckoutPage/OrderSuccess.jsx": {"path":"/Users/andela/Desktop/projects/react/shopmate/src/views/CheckoutPage/OrderSuccess.jsx","statementMap":{"0":{"start":{"line":5,"column":2},"end":{"line":21,"column":4}}},"fnMap":{"0":{"name":"OrderSuccess","decl":{"start":{"line":3,"column":9},"end":{"line":3,"column":21}},"loc":{"start":{"line":3,"column":24},"end":{"line":22,"column":1}},"line":3}},"branchMap":{},"s":{"0":0},"f":{"0":0},"b":{},"_coverageSchema":"43e27e138ebf9cfc5966b082cf9a028302ed4184","hash":"5dbdb2c2dd4bfd55d4b1c5df628b46bcb795cfe4"}
,"/Users/andela/Desktop/projects/react/shopmate/src/views/CheckoutPage/OrderSummary.jsx": {"path":"/Users/andela/Desktop/projects/react/shopmate/src/views/CheckoutPage/OrderSummary.jsx","statementMap":{"0":{"start":{"line":8,"column":6},"end":{"line":8,"column":11}},"1":{"start":{"line":10,"column":2},"end":{"line":40,"column":4}},"2":{"start":{"line":43,"column":0},"end":{"line":45,"column":2}}},"fnMap":{"0":{"name":"OrderSummary","decl":{"start":{"line":5,"column":9},"end":{"line":5,"column":21}},"loc":{"start":{"line":5,"column":29},"end":{"line":41,"column":1}},"line":5}},"branchMap":{},"s":{"0":0,"1":0,"2":1},"f":{"0":0},"b":{},"_coverageSchema":"43e27e138ebf9cfc5966b082cf9a028302ed4184","hash":"0d65a6213b72b593c633a5e3b6dca01a6034df99"}
,"/Users/andela/Desktop/projects/react/shopmate/src/views/CheckoutPage/countries.js": {"path":"/Users/andela/Desktop/projects/react/shopmate/src/views/CheckoutPage/countries.js","statementMap":{"0":{"start":{"line":2,"column":28},"end":{"line":16,"column":93}}},"fnMap":{},"branchMap":{},"s":{"0":1},"f":{},"b":{},"_coverageSchema":"43e27e138ebf9cfc5966b082cf9a028302ed4184","hash":"79a0912a5d4147f576468e181bf43c64cf6dea23"}
,"/Users/andela/Desktop/projects/react/shopmate/src/views/Home/Home.jsx": {"path":"/Users/andela/Desktop/projects/react/shopmate/src/views/Home/Home.jsx","statementMap":{"0":{"start":{"line":35,"column":4},"end":{"line":35,"column":17}},"1":{"start":{"line":36,"column":4},"end":{"line":36,"column":61}},"2":{"start":{"line":37,"column":4},"end":{"line":40,"column":6}},"3":{"start":{"line":44,"column":28},"end":{"line":44,"column":38}},"4":{"start":{"line":45,"column":4},"end":{"line":45,"column":47}},"5":{"start":{"line":49,"column":4},"end":{"line":49,"column":40}},"6":{"start":{"line":50,"column":4},"end":{"line":50,"column":42}},"7":{"start":{"line":54,"column":4},"end":{"line":54,"column":30}},"8":{"start":{"line":58,"column":4},"end":{"line":69,"column":6}},"9":{"start":{"line":73,"column":31},"end":{"line":73,"column":41}},"10":{"start":{"line":74,"column":4},"end":{"line":80,"column":6}},"11":{"start":{"line":84,"column":56},"end":{"line":84,"column":66}},"12":{"start":{"line":85,"column":4},"end":{"line":112,"column":6}},"13":{"start":{"line":116,"column":44},"end":{"line":116,"column":54}},"14":{"start":{"line":117,"column":4},"end":{"line":154,"column":6}},"15":{"start":{"line":130,"column":16},"end":{"line":133,"column":18}},"16":{"start":{"line":136,"column":55},"end":{"line":136,"column":167}},"17":{"start":{"line":140,"column":16},"end":{"line":145,"column":18}},"18":{"start":{"line":157,"column":0},"end":{"line":170,"column":2}},"19":{"start":{"line":172,"column":24},"end":{"line":182,"column":2}},"20":{"start":{"line":172,"column":75},"end":{"line":182,"column":1}}},"fnMap":{"0":{"name":"(anonymous_0)","decl":{"start":{"line":34,"column":2},"end":{"line":34,"column":3}},"loc":{"start":{"line":34,"column":21},"end":{"line":41,"column":3}},"line":34},"1":{"name":"(anonymous_1)","decl":{"start":{"line":43,"column":2},"end":{"line":43,"column":3}},"loc":{"start":{"line":43,"column":22},"end":{"line":46,"column":3}},"line":43},"2":{"name":"(anonymous_2)","decl":{"start":{"line":48,"column":2},"end":{"line":48,"column":3}},"loc":{"start":{"line":48,"column":31},"end":{"line":51,"column":3}},"line":48},"3":{"name":"(anonymous_3)","decl":{"start":{"line":53,"column":2},"end":{"line":53,"column":3}},"loc":{"start":{"line":53,"column":13},"end":{"line":55,"column":3}},"line":53},"4":{"name":"(anonymous_4)","decl":{"start":{"line":57,"column":2},"end":{"line":57,"column":3}},"loc":{"start":{"line":57,"column":23},"end":{"line":70,"column":3}},"line":57},"5":{"name":"(anonymous_5)","decl":{"start":{"line":72,"column":2},"end":{"line":72,"column":3}},"loc":{"start":{"line":72,"column":21},"end":{"line":81,"column":3}},"line":72},"6":{"name":"(anonymous_6)","decl":{"start":{"line":83,"column":2},"end":{"line":83,"column":3}},"loc":{"start":{"line":83,"column":19},"end":{"line":113,"column":3}},"line":83},"7":{"name":"(anonymous_7)","decl":{"start":{"line":115,"column":2},"end":{"line":115,"column":3}},"loc":{"start":{"line":115,"column":11},"end":{"line":155,"column":3}},"line":115},"8":{"name":"(anonymous_8)","decl":{"start":{"line":129,"column":22},"end":{"line":129,"column":23}},"loc":{"start":{"line":130,"column":16},"end":{"line":133,"column":18}},"line":130},"9":{"name":"(anonymous_9)","decl":{"start":{"line":136,"column":49},"end":{"line":136,"column":50}},"loc":{"start":{"line":136,"column":55},"end":{"line":136,"column":167}},"line":136},"10":{"name":"(anonymous_10)","decl":{"start":{"line":139,"column":22},"end":{"line":139,"column":23}},"loc":{"start":{"line":139,"column":28},"end":{"line":146,"column":15}},"line":139},"11":{"name":"(anonymous_11)","decl":{"start":{"line":172,"column":24},"end":{"line":172,"column":25}},"loc":{"start":{"line":172,"column":75},"end":{"line":182,"column":1}},"line":172}},"branchMap":{"0":{"loc":{"start":{"line":77,"column":38},"end":{"line":77,"column":71}},"type":"binary-expr","locations":[{"start":{"line":77,"column":38},"end":{"line":77,"column":53}},{"start":{"line":77,"column":57},"end":{"line":77,"column":71}}],"line":77},"1":{"loc":{"start":{"line":89,"column":13},"end":{"line":105,"column":13}},"type":"cond-expr","locations":[{"start":{"line":90,"column":14},"end":{"line":92,"column":20}},{"start":{"line":94,"column":14},"end":{"line":104,"column":20}}],"line":89},"2":{"loc":{"start":{"line":123,"column":9},"end":{"line":123,"column":49}},"type":"binary-expr","locations":[{"start":{"line":123,"column":9},"end":{"line":123,"column":29}},{"start":{"line":123,"column":33},"end":{"line":123,"column":49}}],"line":123}},"s":{"0":0,"1":0,"2":0,"3":0,"4":0,"5":0,"6":0,"7":0,"8":0,"9":0,"10":0,"11":0,"12":0,"13":0,"14":0,"15":0,"16":0,"17":0,"18":1,"19":1,"20":0},"f":{"0":0,"1":0,"2":0,"3":0,"4":0,"5":0,"6":0,"7":0,"8":0,"9":0,"10":0,"11":0},"b":{"0":[0,0],"1":[0,0],"2":[0,0]},"_coverageSchema":"43e27e138ebf9cfc5966b082cf9a028302ed4184","hash":"14b02f436a0e2fa6f1175cebcf094897ca655476"}
,"/Users/andela/Desktop/projects/react/shopmate/src/views/ProductPage/ProductPage.jsx": {"path":"/Users/andela/Desktop/projects/react/shopmate/src/views/ProductPage/ProductPage.jsx","statementMap":{"0":{"start":{"line":13,"column":4},"end":{"line":13,"column":17}},"1":{"start":{"line":14,"column":4},"end":{"line":14,"column":51}},"2":{"start":{"line":15,"column":4},"end":{"line":15,"column":53}},"3":{"start":{"line":16,"column":4},"end":{"line":16,"column":53}},"4":{"start":{"line":17,"column":4},"end":{"line":17,"column":47}},"5":{"start":{"line":19,"column":4},"end":{"line":26,"column":6}},"6":{"start":{"line":30,"column":63},"end":{"line":30,"column":73}},"7":{"start":{"line":31,"column":4},"end":{"line":31,"column":32}},"8":{"start":{"line":32,"column":4},"end":{"line":32,"column":33}},"9":{"start":{"line":38,"column":4},"end":{"line":38,"column":41}},"10":{"start":{"line":42,"column":4},"end":{"line":46,"column":5}},"11":{"start":{"line":43,"column":6},"end":{"line":43,"column":65}},"12":{"start":{"line":45,"column":6},"end":{"line":45,"column":65}},"13":{"start":{"line":50,"column":63},"end":{"line":50,"column":73}},"14":{"start":{"line":51,"column":4},"end":{"line":54,"column":7}},"15":{"start":{"line":52,"column":6},"end":{"line":52,"column":35}},"16":{"start":{"line":53,"column":6},"end":{"line":53,"column":61}},"17":{"start":{"line":55,"column":4},"end":{"line":55,"column":27}},"18":{"start":{"line":59,"column":4},"end":{"line":59,"column":42}},"19":{"start":{"line":62,"column":4},"end":{"line":62,"column":40}},"20":{"start":{"line":66,"column":4},"end":{"line":66,"column":71}},"21":{"start":{"line":66,"column":32},"end":{"line":66,"column":68}},"22":{"start":{"line":70,"column":4},"end":{"line":70,"column":71}},"23":{"start":{"line":70,"column":32},"end":{"line":70,"column":68}},"24":{"start":{"line":74,"column":4},"end":{"line":74,"column":23}},"25":{"start":{"line":75,"column":50},"end":{"line":75,"column":60}},"26":{"start":{"line":76,"column":32},"end":{"line":76,"column":42}},"27":{"start":{"line":78,"column":20},"end":{"line":83,"column":5}},"28":{"start":{"line":84,"column":4},"end":{"line":84,"column":34}},"29":{"start":{"line":88,"column":19},"end":{"line":96,"column":5}},"30":{"start":{"line":97,"column":4},"end":{"line":121,"column":7}},"31":{"start":{"line":99,"column":6},"end":{"line":110,"column":7}},"32":{"start":{"line":100,"column":8},"end":{"line":109,"column":10}},"33":{"start":{"line":107,"column":26},"end":{"line":107,"column":58}},"34":{"start":{"line":111,"column":6},"end":{"line":120,"column":8}},"35":{"start":{"line":115,"column":24},"end":{"line":115,"column":56}},"36":{"start":{"line":125,"column":18},"end":{"line":125,"column":52}},"37":{"start":{"line":126,"column":4},"end":{"line":150,"column":7}},"38":{"start":{"line":128,"column":6},"end":{"line":139,"column":7}},"39":{"start":{"line":129,"column":8},"end":{"line":138,"column":10}},"40":{"start":{"line":133,"column":26},"end":{"line":133,"column":56}},"41":{"start":{"line":140,"column":6},"end":{"line":149,"column":8}},"42":{"start":{"line":142,"column":24},"end":{"line":142,"column":54}},"43":{"start":{"line":154,"column":4},"end":{"line":157,"column":7}},"44":{"start":{"line":156,"column":6},"end":{"line":156,"column":51}},"45":{"start":{"line":160,"column":18},"end":{"line":160,"column":52}},"46":{"start":{"line":161,"column":34},"end":{"line":161,"column":44}},"47":{"start":{"line":164,"column":4},"end":{"line":168,"column":5}},"48":{"start":{"line":165,"column":6},"end":{"line":167,"column":80}},"49":{"start":{"line":170,"column":4},"end":{"line":303,"column":6}},"50":{"start":{"line":199,"column":38},"end":{"line":199,"column":62}},"51":{"start":{"line":212,"column":38},"end":{"line":212,"column":62}},"52":{"start":{"line":227,"column":39},"end":{"line":227,"column":56}},"53":{"start":{"line":306,"column":0},"end":{"line":315,"column":2}},"54":{"start":{"line":317,"column":24},"end":{"line":320,"column":2}},"55":{"start":{"line":317,"column":49},"end":{"line":320,"column":1}}},"fnMap":{"0":{"name":"(anonymous_0)","decl":{"start":{"line":12,"column":2},"end":{"line":12,"column":3}},"loc":{"start":{"line":12,"column":21},"end":{"line":27,"column":3}},"line":12},"1":{"name":"(anonymous_1)","decl":{"start":{"line":29,"column":2},"end":{"line":29,"column":3}},"loc":{"start":{"line":29,"column":22},"end":{"line":33,"column":3}},"line":29},"2":{"name":"(anonymous_2)","decl":{"start":{"line":35,"column":2},"end":{"line":35,"column":3}},"loc":{"start":{"line":35,"column":19},"end":{"line":35,"column":21}},"line":35},"3":{"name":"(anonymous_3)","decl":{"start":{"line":37,"column":2},"end":{"line":37,"column":3}},"loc":{"start":{"line":37,"column":25},"end":{"line":39,"column":3}},"line":37},"4":{"name":"(anonymous_4)","decl":{"start":{"line":41,"column":2},"end":{"line":41,"column":3}},"loc":{"start":{"line":41,"column":22},"end":{"line":47,"column":3}},"line":41},"5":{"name":"(anonymous_5)","decl":{"start":{"line":49,"column":2},"end":{"line":49,"column":3}},"loc":{"start":{"line":49,"column":22},"end":{"line":56,"column":3}},"line":49},"6":{"name":"(anonymous_6)","decl":{"start":{"line":51,"column":49},"end":{"line":51,"column":50}},"loc":{"start":{"line":51,"column":55},"end":{"line":54,"column":5}},"line":51},"7":{"name":"(anonymous_7)","decl":{"start":{"line":58,"column":2},"end":{"line":58,"column":3}},"loc":{"start":{"line":58,"column":27},"end":{"line":60,"column":3}},"line":58},"8":{"name":"(anonymous_8)","decl":{"start":{"line":61,"column":2},"end":{"line":61,"column":3}},"loc":{"start":{"line":61,"column":25},"end":{"line":63,"column":3}},"line":61},"9":{"name":"(anonymous_9)","decl":{"start":{"line":65,"column":2},"end":{"line":65,"column":3}},"loc":{"start":{"line":65,"column":21},"end":{"line":67,"column":3}},"line":65},"10":{"name":"(anonymous_10)","decl":{"start":{"line":66,"column":18},"end":{"line":66,"column":19}},"loc":{"start":{"line":66,"column":32},"end":{"line":66,"column":68}},"line":66},"11":{"name":"(anonymous_11)","decl":{"start":{"line":69,"column":2},"end":{"line":69,"column":3}},"loc":{"start":{"line":69,"column":21},"end":{"line":71,"column":3}},"line":69},"12":{"name":"(anonymous_12)","decl":{"start":{"line":70,"column":18},"end":{"line":70,"column":19}},"loc":{"start":{"line":70,"column":32},"end":{"line":70,"column":68}},"line":70},"13":{"name":"(anonymous_13)","decl":{"start":{"line":73,"column":2},"end":{"line":73,"column":3}},"loc":{"start":{"line":73,"column":15},"end":{"line":85,"column":3}},"line":73},"14":{"name":"(anonymous_14)","decl":{"start":{"line":87,"column":2},"end":{"line":87,"column":3}},"loc":{"start":{"line":87,"column":17},"end":{"line":122,"column":3}},"line":87},"15":{"name":"(anonymous_15)","decl":{"start":{"line":97,"column":22},"end":{"line":97,"column":23}},"loc":{"start":{"line":97,"column":31},"end":{"line":121,"column":5}},"line":97},"16":{"name":"(anonymous_16)","decl":{"start":{"line":107,"column":21},"end":{"line":107,"column":22}},"loc":{"start":{"line":107,"column":26},"end":{"line":107,"column":58}},"line":107},"17":{"name":"(anonymous_17)","decl":{"start":{"line":115,"column":19},"end":{"line":115,"column":20}},"loc":{"start":{"line":115,"column":24},"end":{"line":115,"column":56}},"line":115},"18":{"name":"(anonymous_18)","decl":{"start":{"line":124,"column":2},"end":{"line":124,"column":3}},"loc":{"start":{"line":124,"column":16},"end":{"line":151,"column":3}},"line":124},"19":{"name":"(anonymous_19)","decl":{"start":{"line":126,"column":21},"end":{"line":126,"column":22}},"loc":{"start":{"line":126,"column":29},"end":{"line":150,"column":5}},"line":126},"20":{"name":"(anonymous_20)","decl":{"start":{"line":133,"column":21},"end":{"line":133,"column":22}},"loc":{"start":{"line":133,"column":26},"end":{"line":133,"column":56}},"line":133},"21":{"name":"(anonymous_21)","decl":{"start":{"line":142,"column":19},"end":{"line":142,"column":20}},"loc":{"start":{"line":142,"column":24},"end":{"line":142,"column":54}},"line":142},"22":{"name":"(anonymous_22)","decl":{"start":{"line":153,"column":2},"end":{"line":153,"column":3}},"loc":{"start":{"line":153,"column":25},"end":{"line":158,"column":3}},"line":153},"23":{"name":"(anonymous_23)","decl":{"start":{"line":154,"column":23},"end":{"line":154,"column":24}},"loc":{"start":{"line":156,"column":6},"end":{"line":156,"column":51}},"line":156},"24":{"name":"(anonymous_24)","decl":{"start":{"line":159,"column":2},"end":{"line":159,"column":3}},"loc":{"start":{"line":159,"column":11},"end":{"line":304,"column":3}},"line":159},"25":{"name":"(anonymous_25)","decl":{"start":{"line":199,"column":33},"end":{"line":199,"column":34}},"loc":{"start":{"line":199,"column":38},"end":{"line":199,"column":62}},"line":199},"26":{"name":"(anonymous_26)","decl":{"start":{"line":212,"column":33},"end":{"line":212,"column":34}},"loc":{"start":{"line":212,"column":38},"end":{"line":212,"column":62}},"line":212},"27":{"name":"(anonymous_27)","decl":{"start":{"line":227,"column":34},"end":{"line":227,"column":35}},"loc":{"start":{"line":227,"column":39},"end":{"line":227,"column":56}},"line":227},"28":{"name":"(anonymous_28)","decl":{"start":{"line":317,"column":24},"end":{"line":317,"column":25}},"loc":{"start":{"line":317,"column":49},"end":{"line":320,"column":1}},"line":317}},"branchMap":{"0":{"loc":{"start":{"line":42,"column":4},"end":{"line":46,"column":5}},"type":"if","locations":[{"start":{"line":42,"column":4},"end":{"line":46,"column":5}},{"start":{"line":42,"column":4},"end":{"line":46,"column":5}}],"line":42},"1":{"loc":{"start":{"line":99,"column":6},"end":{"line":110,"column":7}},"type":"if","locations":[{"start":{"line":99,"column":6},"end":{"line":110,"column":7}},{"start":{"line":99,"column":6},"end":{"line":110,"column":7}}],"line":99},"2":{"loc":{"start":{"line":128,"column":6},"end":{"line":139,"column":7}},"type":"if","locations":[{"start":{"line":128,"column":6},"end":{"line":139,"column":7}},{"start":{"line":128,"column":6},"end":{"line":139,"column":7}}],"line":128},"3":{"loc":{"start":{"line":164,"column":4},"end":{"line":168,"column":5}},"type":"if","locations":[{"start":{"line":164,"column":4},"end":{"line":168,"column":5}},{"start":{"line":164,"column":4},"end":{"line":168,"column":5}}],"line":164},"4":{"loc":{"start":{"line":165,"column":17},"end":{"line":167,"column":79}},"type":"cond-expr","locations":[{"start":{"line":166,"column":10},"end":{"line":166,"column":28}},{"start":{"line":167,"column":10},"end":{"line":167,"column":79}}],"line":165},"5":{"loc":{"start":{"line":173,"column":11},"end":{"line":300,"column":11}},"type":"binary-expr","locations":[{"start":{"line":173,"column":11},"end":{"line":173,"column":26}},{"start":{"line":174,"column":12},"end":{"line":299,"column":29}}],"line":173}},"s":{"0":0,"1":0,"2":0,"3":0,"4":0,"5":0,"6":0,"7":0,"8":0,"9":0,"10":0,"11":0,"12":0,"13":0,"14":0,"15":0,"16":0,"17":0,"18":0,"19":0,"20":0,"21":0,"22":0,"23":0,"24":0,"25":0,"26":0,"27":0,"28":0,"29":0,"30":0,"31":0,"32":0,"33":0,"34":0,"35":0,"36":0,"37":0,"38":0,"39":0,"40":0,"41":0,"42":0,"43":0,"44":0,"45":0,"46":0,"47":0,"48":0,"49":0,"50":0,"51":0,"52":0,"53":1,"54":1,"55":0},"f":{"0":0,"1":0,"2":0,"3":0,"4":0,"5":0,"6":0,"7":0,"8":0,"9":0,"10":0,"11":0,"12":0,"13":0,"14":0,"15":0,"16":0,"17":0,"18":0,"19":0,"20":0,"21":0,"22":0,"23":0,"24":0,"25":0,"26":0,"27":0,"28":0},"b":{"0":[0,0],"1":[0,0],"2":[0,0],"3":[0,0],"4":[0,0],"5":[0,0]},"_coverageSchema":"43e27e138ebf9cfc5966b082cf9a028302ed4184","hash":"8b4f75e122df64774e661ec4df59f187f293498d"}
,"/Users/andela/Desktop/projects/react/shopmate/src/views/ProductPage/images.js": {"path":"/Users/andela/Desktop/projects/react/shopmate/src/views/ProductPage/images.js","statementMap":{},"fnMap":{},"branchMap":{},"s":{},"f":{},"b":{},"_coverageSchema":"43e27e138ebf9cfc5966b082cf9a028302ed4184","hash":"c25bbe198240f699311be9d3faf9ebff5f38b7d3"}
}
