{"/Users/andela/Desktop/projects/react/shopmate/src/redux/actionCreators/productActions.js": {"path":"/Users/andela/Desktop/projects/react/shopmate/src/redux/actionCreators/productActions.js","statementMap":{"0":{"start":{"line":6,"column":16},"end":{"line":6,"column":36}},"1":{"start":{"line":8,"column":31},"end":{"line":24,"column":1}},"2":{"start":{"line":8,"column":37},"end":{"line":24,"column":1}},"3":{"start":{"line":9,"column":2},"end":{"line":9,"column":49}},"4":{"start":{"line":11,"column":2},"end":{"line":23,"column":4}},"5":{"start":{"line":13,"column":6},"end":{"line":17,"column":8}},"6":{"start":{"line":19,"column":6},"end":{"line":22,"column":8}}},"fnMap":{"0":{"name":"(anonymous_0)","decl":{"start":{"line":8,"column":31},"end":{"line":8,"column":32}},"loc":{"start":{"line":8,"column":37},"end":{"line":24,"column":1}},"line":8},"1":{"name":"(anonymous_1)","decl":{"start":{"line":8,"column":37},"end":{"line":8,"column":38}},"loc":{"start":{"line":8,"column":49},"end":{"line":24,"column":1}},"line":8},"2":{"name":"(anonymous_2)","decl":{"start":{"line":12,"column":4},"end":{"line":12,"column":5}},"loc":{"start":{"line":13,"column":6},"end":{"line":17,"column":8}},"line":13},"3":{"name":"(anonymous_3)","decl":{"start":{"line":18,"column":4},"end":{"line":18,"column":5}},"loc":{"start":{"line":19,"column":6},"end":{"line":22,"column":8}},"line":19}},"branchMap":{},"s":{"0":2,"1":2,"2":2,"3":2,"4":2,"5":1,"6":1},"f":{"0":2,"1":2,"2":1,"3":1},"b":{},"_coverageSchema":"43e27e138ebf9cfc5966b082cf9a028302ed4184","hash":"180a5875f6c7ff5c4d3ae510d5be4d3af7da6196"}
,"/Users/andela/Desktop/projects/react/shopmate/src/redux/constants/productActionTypes.js": {"path":"/Users/andela/Desktop/projects/react/shopmate/src/redux/constants/productActionTypes.js","statementMap":{"0":{"start":{"line":1,"column":36},"end":{"line":1,"column":58}},"1":{"start":{"line":2,"column":36},"end":{"line":2,"column":58}},"2":{"start":{"line":3,"column":36},"end":{"line":3,"column":58}}},"fnMap":{},"branchMap":{},"s":{"0":3,"1":3,"2":3},"f":{},"b":{},"_coverageSchema":"43e27e138ebf9cfc5966b082cf9a028302ed4184","hash":"4e6280b3e016aaa7131f8cc26ad81ad40e579d2d"}
,"/Users/andela/Desktop/projects/react/shopmate/src/redux/reducers/initialState.js": {"path":"/Users/andela/Desktop/projects/react/shopmate/src/redux/reducers/initialState.js","statementMap":{},"fnMap":{},"branchMap":{},"s":{},"f":{},"b":{},"_coverageSchema":"43e27e138ebf9cfc5966b082cf9a028302ed4184","hash":"f91150f5f968bc893c928b324fbe0c4efd9b0fc7"}
,"/Users/andela/Desktop/projects/react/shopmate/src/redux/reducers/productsReducer.js": {"path":"/Users/andela/Desktop/projects/react/shopmate/src/redux/reducers/productsReducer.js","statementMap":{"0":{"start":{"line":8,"column":24},"end":{"line":35,"column":1}},"1":{"start":{"line":9,"column":2},"end":{"line":34,"column":3}},"2":{"start":{"line":11,"column":6},"end":{"line":15,"column":8}},"3":{"start":{"line":18,"column":6},"end":{"line":23,"column":8}},"4":{"start":{"line":26,"column":6},"end":{"line":30,"column":8}},"5":{"start":{"line":33,"column":6},"end":{"line":33,"column":19}}},"fnMap":{"0":{"name":"(anonymous_0)","decl":{"start":{"line":8,"column":24},"end":{"line":8,"column":25}},"loc":{"start":{"line":8,"column":67},"end":{"line":35,"column":1}},"line":8}},"branchMap":{"0":{"loc":{"start":{"line":8,"column":25},"end":{"line":8,"column":54}},"type":"default-arg","locations":[{"start":{"line":8,"column":33},"end":{"line":8,"column":54}}],"line":8},"1":{"loc":{"start":{"line":9,"column":2},"end":{"line":34,"column":3}},"type":"switch","locations":[{"start":{"line":10,"column":4},"end":{"line":15,"column":8}},{"start":{"line":17,"column":4},"end":{"line":23,"column":8}},{"start":{"line":25,"column":4},"end":{"line":30,"column":8}},{"start":{"line":32,"column":4},"end":{"line":33,"column":19}}],"line":9}},"s":{"0":1,"1":4,"2":1,"3":1,"4":1,"5":1},"f":{"0":4},"b":{"0":[4],"1":[1,1,1,1]},"_coverageSchema":"43e27e138ebf9cfc5966b082cf9a028302ed4184","hash":"5036bcf7e91fba9c8ab4356a1b4b70ef0d84b6b1"}
,"/Users/andela/Desktop/projects/react/shopmate/src/services/errorHandler.js": {"path":"/Users/andela/Desktop/projects/react/shopmate/src/services/errorHandler.js","statementMap":{"0":{"start":{"line":3,"column":2},"end":{"line":9,"column":3}},"1":{"start":{"line":4,"column":4},"end":{"line":4,"column":47}},"2":{"start":{"line":5,"column":9},"end":{"line":9,"column":3}},"3":{"start":{"line":6,"column":4},"end":{"line":6,"column":33}},"4":{"start":{"line":8,"column":4},"end":{"line":8,"column":42}},"5":{"start":{"line":10,"column":2},"end":{"line":10,"column":22}}},"fnMap":{"0":{"name":"(anonymous_0)","decl":{"start":{"line":1,"column":15},"end":{"line":1,"column":16}},"loc":{"start":{"line":1,"column":26},"end":{"line":11,"column":1}},"line":1}},"branchMap":{"0":{"loc":{"start":{"line":3,"column":2},"end":{"line":9,"column":3}},"type":"if","locations":[{"start":{"line":3,"column":2},"end":{"line":9,"column":3}},{"start":{"line":3,"column":2},"end":{"line":9,"column":3}}],"line":3},"1":{"loc":{"start":{"line":3,"column":6},"end":{"line":3,"column":43}},"type":"binary-expr","locations":[{"start":{"line":3,"column":6},"end":{"line":3,"column":20}},{"start":{"line":3,"column":24},"end":{"line":3,"column":43}}],"line":3},"2":{"loc":{"start":{"line":5,"column":9},"end":{"line":9,"column":3}},"type":"if","locations":[{"start":{"line":5,"column":9},"end":{"line":9,"column":3}},{"start":{"line":5,"column":9},"end":{"line":9,"column":3}}],"line":5}},"s":{"0":1,"1":0,"2":1,"3":1,"4":0,"5":1},"f":{"0":1},"b":{"0":[0,1],"1":[1,1],"2":[1,0]},"_coverageSchema":"43e27e138ebf9cfc5966b082cf9a028302ed4184","hash":"ebc67847342dae515abef9cfd69e8c22cc9ee899"}
,"/Users/andela/Desktop/projects/react/shopmate/src/views/Home/Home.jsx": {"path":"/Users/andela/Desktop/projects/react/shopmate/src/views/Home/Home.jsx","statementMap":{"0":{"start":{"line":10,"column":4},"end":{"line":10,"column":17}},"1":{"start":{"line":11,"column":4},"end":{"line":11,"column":20}},"2":{"start":{"line":15,"column":4},"end":{"line":15,"column":32}},"3":{"start":{"line":19,"column":22},"end":{"line":19,"column":32}},"4":{"start":{"line":20,"column":4},"end":{"line":26,"column":5}},"5":{"start":{"line":21,"column":6},"end":{"line":25,"column":8}},"6":{"start":{"line":27,"column":4},"end":{"line":31,"column":6}},"7":{"start":{"line":34,"column":0},"end":{"line":37,"column":2}},"8":{"start":{"line":39,"column":24},"end":{"line":43,"column":2}},"9":{"start":{"line":39,"column":43},"end":{"line":43,"column":1}}},"fnMap":{"0":{"name":"(anonymous_0)","decl":{"start":{"line":9,"column":2},"end":{"line":9,"column":3}},"loc":{"start":{"line":9,"column":21},"end":{"line":12,"column":3}},"line":9},"1":{"name":"(anonymous_1)","decl":{"start":{"line":14,"column":2},"end":{"line":14,"column":3}},"loc":{"start":{"line":14,"column":22},"end":{"line":16,"column":3}},"line":14},"2":{"name":"(anonymous_2)","decl":{"start":{"line":18,"column":2},"end":{"line":18,"column":3}},"loc":{"start":{"line":18,"column":11},"end":{"line":32,"column":3}},"line":18},"3":{"name":"(anonymous_3)","decl":{"start":{"line":39,"column":24},"end":{"line":39,"column":25}},"loc":{"start":{"line":39,"column":43},"end":{"line":43,"column":1}},"line":39}},"branchMap":{"0":{"loc":{"start":{"line":20,"column":4},"end":{"line":26,"column":5}},"type":"if","locations":[{"start":{"line":20,"column":4},"end":{"line":26,"column":5}},{"start":{"line":20,"column":4},"end":{"line":26,"column":5}}],"line":20}},"s":{"0":0,"1":0,"2":0,"3":0,"4":0,"5":0,"6":0,"7":1,"8":1,"9":0},"f":{"0":0,"1":0,"2":0,"3":0},"b":{"0":[0,0]},"_coverageSchema":"43e27e138ebf9cfc5966b082cf9a028302ed4184","hash":"7c1c70d9023786a172667c33cb2d4b5279d101c6"}
}
