TN:
SF:/Users/andela/Desktop/projects/react/shopmate/src/components/AuthModal/AuthModal.jsx
FN:13,(anonymous_0)
FN:22,(anonymous_1)
FN:24,(anonymous_2)
FN:31,(anonymous_3)
FN:36,(anonymous_4)
FN:135,(anonymous_5)
FNF:6
FNH:0
FNDA:0,(anonymous_0)
FNDA:0,(anonymous_1)
FNDA:0,(anonymous_2)
FNDA:0,(anonymous_3)
FNDA:0,(anonymous_4)
FNDA:0,(anonymous_5)
DA:14,0
DA:16,0
DA:17,0
DA:19,0
DA:25,0
DA:26,0
DA:27,0
DA:28,0
DA:32,0
DA:33,0
DA:44,0
DA:45,0
DA:47,0
DA:124,1
DA:135,1
LF:15
LH:2
BRDA:27,0,0,0
BRDA:27,0,1,0
BRDA:28,1,0,0
BRDA:28,1,1,0
BRDA:58,2,0,0
BRDA:58,2,1,0
BRDA:63,3,0,0
BRDA:63,3,1,0
BRDA:97,4,0,0
BRDA:97,4,1,0
BRF:10
BRH:0
end_of_record
TN:
SF:/Users/andela/Desktop/projects/react/shopmate/src/components/CartIcon/CartIcon.jsx
FN:7,CartIcon
FNF:1
FNH:0
FNDA:0,CartIcon
DA:15,0
DA:17,0
DA:38,1
LF:3
LH:1
BRF:0
BRH:0
end_of_record
TN:
SF:/Users/andela/Desktop/projects/react/shopmate/src/components/CartModal/CartModal.jsx
FN:13,(anonymous_0)
FN:19,(anonymous_1)
FN:21,(anonymous_2)
FN:25,(anonymous_3)
FN:29,(anonymous_4)
FN:32,(anonymous_5)
FN:39,(anonymous_6)
FN:40,(anonymous_7)
FN:56,(anonymous_8)
FN:73,(anonymous_9)
FN:87,(anonymous_10)
FN:106,(anonymous_11)
FN:156,(anonymous_12)
FN:180,(anonymous_13)
FNF:14
FNH:0
FNDA:0,(anonymous_0)
FNDA:0,(anonymous_1)
FNDA:0,(anonymous_2)
FNDA:0,(anonymous_3)
FNDA:0,(anonymous_4)
FNDA:0,(anonymous_5)
FNDA:0,(anonymous_6)
FNDA:0,(anonymous_7)
FNDA:0,(anonymous_8)
FNDA:0,(anonymous_9)
FNDA:0,(anonymous_10)
FNDA:0,(anonymous_11)
FNDA:0,(anonymous_12)
FNDA:0,(anonymous_13)
DA:14,0
DA:16,0
DA:22,0
DA:26,0
DA:30,0
DA:33,0
DA:34,0
DA:36,0
DA:40,0
DA:41,0
DA:56,0
DA:73,0
DA:87,0
DA:107,0
DA:108,0
DA:110,0
DA:157,0
DA:158,0
DA:159,0
DA:172,1
DA:180,1
LF:21
LH:2
BRDA:33,0,0,0
BRDA:33,0,1,0
BRDA:121,1,0,0
BRDA:121,1,1,0
BRF:4
BRH:0
end_of_record
TN:
SF:/Users/andela/Desktop/projects/react/shopmate/src/components/Categories/Categories.jsx
FN:9,(anonymous_0)
FN:14,(anonymous_1)
FN:16,(anonymous_2)
FN:21,(anonymous_3)
FN:31,(anonymous_4)
FN:35,(anonymous_5)
FN:36,(anonymous_6)
FN:44,(anonymous_7)
FN:67,(anonymous_8)
FNF:9
FNH:0
FNDA:0,(anonymous_0)
FNDA:0,(anonymous_1)
FNDA:0,(anonymous_2)
FNDA:0,(anonymous_3)
FNDA:0,(anonymous_4)
FNDA:0,(anonymous_5)
FNDA:0,(anonymous_6)
FNDA:0,(anonymous_7)
FNDA:0,(anonymous_8)
DA:10,0
DA:11,0
DA:17,0
DA:18,0
DA:22,0
DA:31,0
DA:32,0
DA:35,0
DA:36,0
DA:45,0
DA:62,1
DA:67,1
LF:12
LH:2
BRF:0
BRH:0
end_of_record
TN:
SF:/Users/andela/Desktop/projects/react/shopmate/src/components/CheckoutForm/CheckoutForm.jsx
FN:28,(anonymous_0)
FN:33,(anonymous_1)
FN:35,(anonymous_2)
FN:39,(anonymous_3)
FN:49,(anonymous_4)
FN:52,(anonymous_5)
FN:67,(anonymous_6)
FNF:7
FNH:0
FNDA:0,(anonymous_0)
FNDA:0,(anonymous_1)
FNDA:0,(anonymous_2)
FNDA:0,(anonymous_3)
FNDA:0,(anonymous_4)
FNDA:0,(anonymous_5)
FNDA:0,(anonymous_6)
DA:11,1
DA:29,0
DA:30,0
DA:36,0
DA:37,0
DA:40,0
DA:46,0
DA:49,0
DA:53,0
DA:61,1
DA:67,1
LF:11
LH:3
BRF:0
BRH:0
end_of_record
TN:
SF:/Users/andela/Desktop/projects/react/shopmate/src/components/FirstJumbotron/FirstJumbotron.jsx
FN:8,(anonymous_0)
FN:13,(anonymous_1)
FN:15,(anonymous_2)
FN:30,(anonymous_3)
FNF:4
FNH:0
FNDA:0,(anonymous_0)
FNDA:0,(anonymous_1)
FNDA:0,(anonymous_2)
FNDA:0,(anonymous_3)
DA:9,0
DA:10,0
DA:16,0
DA:27,1
DA:30,1
LF:5
LH:2
BRF:0
BRH:0
end_of_record
TN:
SF:/Users/andela/Desktop/projects/react/shopmate/src/components/Footer/Footer.jsx
FN:14,(anonymous_0)
FN:19,(anonymous_1)
FN:21,(anonymous_2)
FN:61,(anonymous_3)
FNF:4
FNH:0
FNDA:0,(anonymous_0)
FNDA:0,(anonymous_1)
FNDA:0,(anonymous_2)
FNDA:0,(anonymous_3)
DA:15,0
DA:16,0
DA:22,0
DA:58,1
DA:61,1
LF:5
LH:2
BRF:0
BRH:0
end_of_record
TN:
SF:/Users/andela/Desktop/projects/react/shopmate/src/components/Header/Header.jsx
FN:23,(anonymous_0)
FN:30,(anonymous_1)
FN:34,(anonymous_2)
FN:39,(anonymous_3)
FN:42,(anonymous_4)
FN:56,(anonymous_5)
FN:63,(anonymous_6)
FN:70,(anonymous_7)
FN:120,(anonymous_8)
FNF:9
FNH:0
FNDA:0,(anonymous_0)
FNDA:0,(anonymous_1)
FNDA:0,(anonymous_2)
FNDA:0,(anonymous_3)
FNDA:0,(anonymous_4)
FNDA:0,(anonymous_5)
FNDA:0,(anonymous_6)
FNDA:0,(anonymous_7)
FNDA:0,(anonymous_8)
DA:24,0
DA:25,0
DA:26,0
DA:27,0
DA:31,0
DA:35,0
DA:36,0
DA:40,0
DA:43,0
DA:44,0
DA:56,0
DA:63,0
DA:70,0
DA:109,1
DA:120,1
LF:15
LH:2
BRDA:77,0,0,0
BRDA:77,0,1,0
BRF:2
BRH:0
end_of_record
TN:
SF:/Users/andela/Desktop/projects/react/shopmate/src/components/Header/Top-Bar.jsx
FN:19,(anonymous_0)
FN:23,(anonymous_1)
FN:47,(anonymous_2)
FN:57,(anonymous_3)
FN:76,(anonymous_4)
FN:87,(anonymous_5)
FN:98,(anonymous_6)
FN:143,(anonymous_7)
FNF:8
FNH:0
FNDA:0,(anonymous_0)
FNDA:0,(anonymous_1)
FNDA:0,(anonymous_2)
FNDA:0,(anonymous_3)
FNDA:0,(anonymous_4)
FNDA:0,(anonymous_5)
FNDA:0,(anonymous_6)
FNDA:0,(anonymous_7)
DA:20,0
DA:21,0
DA:24,0
DA:25,0
DA:26,0
DA:48,0
DA:49,0
DA:58,0
DA:59,0
DA:70,0
DA:77,0
DA:78,0
DA:88,0
DA:89,0
DA:99,0
DA:100,0
DA:134,1
DA:143,1
LF:18
LH:2
BRDA:25,0,0,0
BRDA:25,0,1,0
BRF:2
BRH:0
end_of_record
TN:
SF:/Users/andela/Desktop/projects/react/shopmate/src/components/HomeSlider/HomeSlider.jsx
FN:9,(anonymous_0)
FN:14,(anonymous_1)
FN:16,(anonymous_2)
FN:42,(anonymous_3)
FNF:4
FNH:0
FNDA:0,(anonymous_0)
FNDA:0,(anonymous_1)
FNDA:0,(anonymous_2)
FNDA:0,(anonymous_3)
DA:10,0
DA:11,0
DA:17,0
DA:24,0
DA:39,1
DA:42,1
LF:6
LH:2
BRF:0
BRH:0
end_of_record
TN:
SF:/Users/andela/Desktop/projects/react/shopmate/src/components/IconInput/IconInput.jsx
FN:8,(anonymous_0)
FN:13,(anonymous_1)
FN:15,(anonymous_2)
FN:56,(anonymous_3)
FNF:4
FNH:0
FNDA:0,(anonymous_0)
FNDA:0,(anonymous_1)
FNDA:0,(anonymous_2)
FNDA:0,(anonymous_3)
DA:9,0
DA:10,0
DA:16,0
DA:17,0
DA:43,1
DA:56,1
DA:57,0
LF:7
LH:2
BRF:0
BRH:0
end_of_record
TN:
SF:/Users/andela/Desktop/projects/react/shopmate/src/components/MapProductsToCard/MapProductsToCard.jsx
FN:10,(anonymous_0)
FN:17,(anonymous_1)
FN:19,(anonymous_2)
FN:20,(anonymous_3)
FN:25,(anonymous_4)
FN:39,(anonymous_5)
FNF:6
FNH:0
FNDA:0,(anonymous_0)
FNDA:0,(anonymous_1)
FNDA:0,(anonymous_2)
FNDA:0,(anonymous_3)
FNDA:0,(anonymous_4)
FNDA:0,(anonymous_5)
DA:11,0
DA:12,0
DA:20,0
DA:21,0
DA:26,0
DA:27,0
DA:34,1
DA:39,1
LF:8
LH:2
BRF:0
BRH:0
end_of_record
TN:
SF:/Users/andela/Desktop/projects/react/shopmate/src/components/Pagination/Pagination.jsx
FN:11,(anonymous_0)
FN:16,(anonymous_1)
FN:18,(anonymous_2)
FN:41,(anonymous_3)
FNF:4
FNH:0
FNDA:0,(anonymous_0)
FNDA:0,(anonymous_1)
FNDA:0,(anonymous_2)
FNDA:0,(anonymous_3)
DA:12,0
DA:13,0
DA:19,0
DA:20,0
DA:32,1
DA:41,1
LF:6
LH:2
BRF:0
BRH:0
end_of_record
TN:
SF:/Users/andela/Desktop/projects/react/shopmate/src/components/ProductCard/ProductCard.jsx
FN:12,(anonymous_0)
FN:17,(anonymous_1)
FN:19,(anonymous_2)
FN:46,(anonymous_3)
FNF:4
FNH:0
FNDA:0,(anonymous_0)
FNDA:0,(anonymous_1)
FNDA:0,(anonymous_2)
FNDA:0,(anonymous_3)
DA:13,0
DA:14,0
DA:20,0
DA:22,0
DA:23,0
DA:27,0
DA:40,1
DA:46,1
LF:8
LH:2
BRDA:23,0,0,0
BRDA:23,0,1,0
BRDA:34,1,0,0
BRDA:34,1,1,0
BRF:4
BRH:0
end_of_record
TN:
SF:/Users/andela/Desktop/projects/react/shopmate/src/components/ProductCard/images.js
FNF:0
FNH:0
LF:0
LH:0
BRF:0
BRH:0
end_of_record
TN:
SF:/Users/andela/Desktop/projects/react/shopmate/src/components/ProductReview/ProductReview.jsx
FN:10,(anonymous_0)
FN:15,(anonymous_1)
FN:17,(anonymous_2)
FN:59,(anonymous_3)
FNF:4
FNH:0
FNDA:0,(anonymous_0)
FNDA:0,(anonymous_1)
FNDA:0,(anonymous_2)
FNDA:0,(anonymous_3)
DA:11,0
DA:12,0
DA:18,0
DA:19,0
DA:20,0
DA:54,1
DA:59,1
LF:7
LH:2
BRF:0
BRH:0
end_of_record
TN:
SF:/Users/andela/Desktop/projects/react/shopmate/src/components/ProfileModal/ProfileModal.jsx
FN:20,(anonymous_0)
FN:44,(anonymous_1)
FN:49,(anonymous_2)
FN:59,(anonymous_3)
FN:62,(anonymous_4)
FN:72,(anonymous_5)
FN:77,(anonymous_6)
FN:82,(anonymous_7)
FN:87,(anonymous_8)
FN:88,(anonymous_9)
FN:93,(anonymous_10)
FN:114,(anonymous_11)
FN:123,(anonymous_12)
FN:132,(anonymous_13)
FN:330,(anonymous_14)
FNF:15
FNH:0
FNDA:0,(anonymous_0)
FNDA:0,(anonymous_1)
FNDA:0,(anonymous_2)
FNDA:0,(anonymous_3)
FNDA:0,(anonymous_4)
FNDA:0,(anonymous_5)
FNDA:0,(anonymous_6)
FNDA:0,(anonymous_7)
FNDA:0,(anonymous_8)
FNDA:0,(anonymous_9)
FNDA:0,(anonymous_10)
FNDA:0,(anonymous_11)
FNDA:0,(anonymous_12)
FNDA:0,(anonymous_13)
FNDA:0,(anonymous_14)
DA:21,0
DA:22,0
DA:39,0
DA:40,0
DA:41,0
DA:45,0
DA:46,0
DA:50,0
DA:51,0
DA:56,0
DA:60,0
DA:61,0
DA:62,0
DA:63,0
DA:73,0
DA:74,0
DA:78,0
DA:79,0
DA:83,0
DA:84,0
DA:88,0
DA:89,0
DA:94,0
DA:95,0
DA:96,0
DA:114,0
DA:123,0
DA:132,0
DA:321,1
DA:330,1
DA:331,0
LF:31
LH:2
BRDA:50,0,0,0
BRDA:50,0,1,0
BRDA:50,1,0,0
BRDA:50,1,1,0
BRDA:113,2,0,0
BRDA:113,2,1,0
BRDA:122,3,0,0
BRDA:122,3,1,0
BRDA:131,4,0,0
BRDA:131,4,1,0
BRDA:141,5,0,0
BRDA:141,5,1,0
BRDA:189,6,0,0
BRDA:189,6,1,0
BRDA:206,7,0,0
BRDA:206,7,1,0
BRDA:283,8,0,0
BRDA:283,8,1,0
BRDA:299,9,0,0
BRDA:299,9,1,0
BRF:20
BRH:0
end_of_record
TN:
SF:/Users/andela/Desktop/projects/react/shopmate/src/components/ProfileModal/countries.js
FNF:0
FNH:0
DA:2,1
LF:1
LH:1
BRF:0
BRH:0
end_of_record
TN:
SF:/Users/andela/Desktop/projects/react/shopmate/src/components/Quote/Quote.jsx
FN:8,(anonymous_0)
FN:13,(anonymous_1)
FN:15,(anonymous_2)
FN:56,(anonymous_3)
FNF:4
FNH:0
FNDA:0,(anonymous_0)
FNDA:0,(anonymous_1)
FNDA:0,(anonymous_2)
FNDA:0,(anonymous_3)
DA:9,0
DA:10,0
DA:16,0
DA:53,1
DA:56,1
LF:5
LH:2
BRF:0
BRH:0
end_of_record
TN:
SF:/Users/andela/Desktop/projects/react/shopmate/src/components/SearchInput/SearchInput.jsx
FN:9,(anonymous_0)
FN:16,(anonymous_1)
FN:18,(anonymous_2)
FN:24,(anonymous_3)
FN:30,(anonymous_4)
FN:64,(anonymous_5)
FNF:6
FNH:0
FNDA:0,(anonymous_0)
FNDA:0,(anonymous_1)
FNDA:0,(anonymous_2)
FNDA:0,(anonymous_3)
FNDA:0,(anonymous_4)
FNDA:0,(anonymous_5)
DA:10,0
DA:11,0
DA:12,0
DA:13,0
DA:19,0
DA:20,0
DA:21,0
DA:22,0
DA:25,0
DA:26,0
DA:31,0
DA:32,0
DA:59,1
DA:64,1
LF:14
LH:2
BRF:0
BRH:0
end_of_record
TN:
SF:/Users/andela/Desktop/projects/react/shopmate/src/components/SearchInputMobile/SearchInputMobile.jsx
FN:8,(anonymous_0)
FN:16,(anonymous_1)
FN:18,(anonymous_2)
FN:24,(anonymous_3)
FN:31,(anonymous_4)
FN:65,(anonymous_5)
FNF:6
FNH:0
FNDA:0,(anonymous_0)
FNDA:0,(anonymous_1)
FNDA:0,(anonymous_2)
FNDA:0,(anonymous_3)
FNDA:0,(anonymous_4)
FNDA:0,(anonymous_5)
DA:9,0
DA:10,0
DA:11,0
DA:12,0
DA:13,0
DA:19,0
DA:20,0
DA:21,0
DA:22,0
DA:25,0
DA:26,0
DA:32,0
DA:34,0
DA:60,1
DA:65,1
LF:15
LH:2
BRF:0
BRH:0
end_of_record
TN:
SF:/Users/andela/Desktop/projects/react/shopmate/src/components/Sidebar/Sidebar.jsx
FN:13,(anonymous_0)
FN:18,(anonymous_1)
FN:43,(anonymous_2)
FNF:3
FNH:0
FNDA:0,(anonymous_0)
FNDA:0,(anonymous_1)
FNDA:0,(anonymous_2)
DA:14,0
DA:15,0
DA:19,0
DA:38,1
DA:43,1
LF:5
LH:2
BRDA:22,0,0,0
BRDA:22,0,1,0
BRF:2
BRH:0
end_of_record
TN:
SF:/Users/andela/Desktop/projects/react/shopmate/src/components/StarRatings/StarRatings.jsx
FN:9,(anonymous_0)
FN:14,(anonymous_1)
FN:16,(anonymous_2)
FN:41,(anonymous_3)
FNF:4
FNH:0
FNDA:0,(anonymous_0)
FNDA:0,(anonymous_1)
FNDA:0,(anonymous_2)
FNDA:0,(anonymous_3)
DA:10,0
DA:11,0
DA:17,0
DA:18,0
DA:32,1
DA:41,1
LF:6
LH:2
BRF:0
BRH:0
end_of_record
TN:
SF:/Users/andela/Desktop/projects/react/shopmate/src/components/Template/SearchInput.jsx
FN:9,(anonymous_0)
FN:14,(anonymous_1)
FN:16,(anonymous_2)
FN:23,(anonymous_3)
FNF:4
FNH:0
FNDA:0,(anonymous_0)
FNDA:0,(anonymous_1)
FNDA:0,(anonymous_2)
FNDA:0,(anonymous_3)
DA:10,0
DA:11,0
DA:17,0
DA:20,0
DA:23,0
LF:5
LH:0
BRF:0
BRH:0
end_of_record
TN:
SF:/Users/andela/Desktop/projects/react/shopmate/src/components/VerticalMenu/VerticalMenu.jsx
FN:15,(anonymous_0)
FN:20,(anonymous_1)
FN:22,(anonymous_2)
FN:27,(anonymous_3)
FN:91,(anonymous_4)
FNF:5
FNH:0
FNDA:0,(anonymous_0)
FNDA:0,(anonymous_1)
FNDA:0,(anonymous_2)
FNDA:0,(anonymous_3)
FNDA:0,(anonymous_4)
DA:10,1
DA:12,1
DA:16,0
DA:17,0
DA:24,0
DA:28,0
DA:88,1
DA:91,1
LF:8
LH:4
BRF:0
BRH:0
end_of_record
TN:
SF:/Users/andela/Desktop/projects/react/shopmate/src/redux/actionCreators/authActions.js
FN:10,(anonymous_0)
FN:10,(anonymous_1)
FN:12,(anonymous_2)
FN:23,(anonymous_3)
FN:31,(anonymous_4)
FN:31,(anonymous_5)
FN:33,(anonymous_6)
FN:43,(anonymous_7)
FN:51,(anonymous_8)
FN:51,(anonymous_9)
FN:55,(anonymous_10)
FN:55,(anonymous_11)
FNF:12
FNH:12
FNDA:2,(anonymous_0)
FNDA:2,(anonymous_1)
FNDA:1,(anonymous_2)
FNDA:1,(anonymous_3)
FNDA:2,(anonymous_4)
FNDA:2,(anonymous_5)
FNDA:1,(anonymous_6)
FNDA:1,(anonymous_7)
FNDA:1,(anonymous_8)
FNDA:1,(anonymous_9)
FNDA:1,(anonymous_10)
FNDA:1,(anonymous_11)
DA:8,2
DA:10,2
DA:11,2
DA:12,2
DA:13,1
DA:14,1
DA:15,1
DA:19,1
DA:20,1
DA:24,1
DA:31,2
DA:32,2
DA:33,2
DA:34,1
DA:35,1
DA:36,1
DA:40,1
DA:41,1
DA:44,1
DA:51,2
DA:52,1
DA:55,2
DA:56,1
DA:57,1
DA:58,1
DA:59,1
LF:26
LH:26
BRF:0
BRH:0
end_of_record
TN:
SF:/Users/andela/Desktop/projects/react/shopmate/src/redux/actionCreators/cartActions.js
FN:8,(anonymous_0)
FN:8,(anonymous_1)
FN:18,(anonymous_2)
FN:25,(anonymous_3)
FN:34,(anonymous_4)
FN:34,(anonymous_5)
FN:38,(anonymous_6)
FN:45,(anonymous_7)
FN:55,(anonymous_8)
FN:55,(anonymous_9)
FN:59,(anonymous_10)
FN:65,(anonymous_11)
FN:75,(anonymous_12)
FN:75,(anonymous_13)
FN:79,(anonymous_14)
FN:85,(anonymous_15)
FN:95,(anonymous_16)
FN:95,(anonymous_17)
FN:99,(anonymous_18)
FN:105,(anonymous_19)
FNF:20
FNH:12
FNDA:3,(anonymous_0)
FNDA:3,(anonymous_1)
FNDA:1,(anonymous_2)
FNDA:1,(anonymous_3)
FNDA:2,(anonymous_4)
FNDA:2,(anonymous_5)
FNDA:1,(anonymous_6)
FNDA:1,(anonymous_7)
FNDA:2,(anonymous_8)
FNDA:2,(anonymous_9)
FNDA:1,(anonymous_10)
FNDA:1,(anonymous_11)
FNDA:0,(anonymous_12)
FNDA:0,(anonymous_13)
FNDA:0,(anonymous_14)
FNDA:0,(anonymous_15)
FNDA:0,(anonymous_16)
FNDA:0,(anonymous_17)
FNDA:0,(anonymous_18)
FNDA:0,(anonymous_19)
DA:6,2
DA:8,3
DA:9,3
DA:11,3
DA:12,1
DA:16,1
DA:18,2
DA:19,1
DA:23,1
DA:26,1
DA:34,2
DA:35,2
DA:37,2
DA:39,1
DA:40,1
DA:46,1
DA:50,1
DA:55,2
DA:56,2
DA:58,2
DA:60,1
DA:66,1
DA:70,1
DA:75,2
DA:76,0
DA:78,0
DA:80,0
DA:83,0
DA:86,0
DA:90,0
DA:95,2
DA:96,0
DA:98,0
DA:100,0
DA:103,0
DA:106,0
DA:110,0
LF:37
LH:25
BRDA:11,0,0,1
BRDA:11,0,1,2
BRF:2
BRH:2
end_of_record
TN:
SF:/Users/andela/Desktop/projects/react/shopmate/src/redux/actionCreators/modalActions.js
FN:6,(anonymous_0)
FN:6,(anonymous_1)
FN:9,(anonymous_2)
FN:9,(anonymous_3)
FN:13,(anonymous_4)
FN:13,(anonymous_5)
FN:16,(anonymous_6)
FN:16,(anonymous_7)
FN:20,(anonymous_8)
FN:20,(anonymous_9)
FN:23,(anonymous_10)
FN:23,(anonymous_11)
FN:26,(anonymous_12)
FN:26,(anonymous_13)
FN:29,(anonymous_14)
FN:29,(anonymous_15)
FNF:16
FNH:0
FNDA:0,(anonymous_0)
FNDA:0,(anonymous_1)
FNDA:0,(anonymous_2)
FNDA:0,(anonymous_3)
FNDA:0,(anonymous_4)
FNDA:0,(anonymous_5)
FNDA:0,(anonymous_6)
FNDA:0,(anonymous_7)
FNDA:0,(anonymous_8)
FNDA:0,(anonymous_9)
FNDA:0,(anonymous_10)
FNDA:0,(anonymous_11)
FNDA:0,(anonymous_12)
FNDA:0,(anonymous_13)
FNDA:0,(anonymous_14)
FNDA:0,(anonymous_15)
DA:6,1
DA:7,0
DA:9,1
DA:10,0
DA:11,0
DA:13,1
DA:14,0
DA:16,1
DA:17,0
DA:18,0
DA:20,1
DA:21,0
DA:23,1
DA:24,0
DA:26,1
DA:27,0
DA:29,1
DA:30,0
LF:18
LH:8
BRF:0
BRH:0
end_of_record
TN:
SF:/Users/andela/Desktop/projects/react/shopmate/src/redux/actionCreators/orderActions.js
FN:9,(anonymous_0)
FN:9,(anonymous_1)
FN:13,(anonymous_2)
FN:21,(anonymous_3)
FN:31,(anonymous_4)
FN:31,(anonymous_5)
FN:38,(anonymous_6)
FN:44,(anonymous_7)
FN:53,(anonymous_8)
FN:53,(anonymous_9)
FN:56,(anonymous_10)
FN:62,(anonymous_11)
FNF:12
FNH:0
FNDA:0,(anonymous_0)
FNDA:0,(anonymous_1)
FNDA:0,(anonymous_2)
FNDA:0,(anonymous_3)
FNDA:0,(anonymous_4)
FNDA:0,(anonymous_5)
FNDA:0,(anonymous_6)
FNDA:0,(anonymous_7)
FNDA:0,(anonymous_8)
FNDA:0,(anonymous_9)
FNDA:0,(anonymous_10)
FNDA:0,(anonymous_11)
DA:7,1
DA:9,1
DA:10,0
DA:12,0
DA:14,0
DA:15,0
DA:19,0
DA:22,0
DA:26,0
DA:31,1
DA:32,0
DA:34,0
DA:39,0
DA:45,0
DA:49,0
DA:53,1
DA:54,0
DA:55,0
DA:57,0
DA:63,0
DA:67,0
LF:21
LH:4
BRF:0
BRH:0
end_of_record
TN:
SF:/Users/andela/Desktop/projects/react/shopmate/src/redux/actionCreators/productActions.js
FN:8,(anonymous_0)
FN:8,(anonymous_1)
FN:11,(anonymous_2)
FN:17,(anonymous_3)
FN:25,(anonymous_4)
FN:25,(anonymous_5)
FN:29,(anonymous_6)
FN:35,(anonymous_7)
FN:43,(anonymous_8)
FN:43,(anonymous_9)
FN:47,(anonymous_10)
FN:53,(anonymous_11)
FN:61,(anonymous_12)
FN:61,(anonymous_13)
FN:65,(anonymous_14)
FN:71,(anonymous_15)
FN:79,(anonymous_16)
FN:79,(anonymous_17)
FN:83,(anonymous_18)
FN:88,(anonymous_19)
FN:96,(anonymous_20)
FN:96,(anonymous_21)
FN:100,(anonymous_22)
FN:105,(anonymous_23)
FN:113,(anonymous_24)
FN:113,(anonymous_25)
FN:115,(anonymous_26)
FN:122,(anonymous_27)
FNF:28
FNH:28
FNDA:2,(anonymous_0)
FNDA:2,(anonymous_1)
FNDA:1,(anonymous_2)
FNDA:1,(anonymous_3)
FNDA:2,(anonymous_4)
FNDA:2,(anonymous_5)
FNDA:1,(anonymous_6)
FNDA:1,(anonymous_7)
FNDA:2,(anonymous_8)
FNDA:2,(anonymous_9)
FNDA:1,(anonymous_10)
FNDA:1,(anonymous_11)
FNDA:2,(anonymous_12)
FNDA:2,(anonymous_13)
FNDA:1,(anonymous_14)
FNDA:1,(anonymous_15)
FNDA:2,(anonymous_16)
FNDA:2,(anonymous_17)
FNDA:1,(anonymous_18)
FNDA:1,(anonymous_19)
FNDA:2,(anonymous_20)
FNDA:2,(anonymous_21)
FNDA:1,(anonymous_22)
FNDA:1,(anonymous_23)
FNDA:2,(anonymous_24)
FNDA:2,(anonymous_25)
FNDA:1,(anonymous_26)
FNDA:1,(anonymous_27)
DA:6,2
DA:8,2
DA:9,2
DA:10,2
DA:12,1
DA:18,1
DA:25,2
DA:26,2
DA:28,2
DA:30,1
DA:36,1
DA:43,2
DA:44,2
DA:46,2
DA:48,1
DA:54,1
DA:61,2
DA:62,2
DA:64,2
DA:66,1
DA:72,1
DA:79,2
DA:80,2
DA:82,2
DA:84,1
DA:89,1
DA:96,2
DA:97,2
DA:99,2
DA:101,1
DA:106,1
DA:113,2
DA:114,2
DA:115,2
DA:116,1
DA:119,1
DA:123,1
LF:37
LH:37
BRDA:8,0,0,2
BRDA:8,1,0,2
BRDA:8,2,0,2
BRDA:25,3,0,2
BRDA:25,4,0,2
BRDA:25,5,0,2
BRDA:43,6,0,2
BRDA:43,7,0,2
BRDA:43,8,0,2
BRDA:61,9,0,2
BRDA:61,10,0,2
BRDA:61,11,0,2
BRDA:61,12,0,2
BRF:13
BRH:13
end_of_record
TN:
SF:/Users/andela/Desktop/projects/react/shopmate/src/redux/actionCreators/profileActions.js
FN:8,(anonymous_0)
FN:8,(anonymous_1)
FN:12,(anonymous_2)
FN:17,(anonymous_3)
FN:25,(anonymous_4)
FN:25,(anonymous_5)
FN:29,(anonymous_6)
FN:36,(anonymous_7)
FN:46,(anonymous_8)
FN:46,(anonymous_9)
FN:49,(anonymous_10)
FN:56,(anonymous_11)
FN:66,(anonymous_12)
FN:66,(anonymous_13)
FN:70,(anonymous_14)
FN:77,(anonymous_15)
FNF:16
FNH:0
FNDA:0,(anonymous_0)
FNDA:0,(anonymous_1)
FNDA:0,(anonymous_2)
FNDA:0,(anonymous_3)
FNDA:0,(anonymous_4)
FNDA:0,(anonymous_5)
FNDA:0,(anonymous_6)
FNDA:0,(anonymous_7)
FNDA:0,(anonymous_8)
FNDA:0,(anonymous_9)
FNDA:0,(anonymous_10)
FNDA:0,(anonymous_11)
FNDA:0,(anonymous_12)
FNDA:0,(anonymous_13)
FNDA:0,(anonymous_14)
FNDA:0,(anonymous_15)
DA:6,1
DA:8,1
DA:9,0
DA:11,0
DA:13,0
DA:18,0
DA:25,1
DA:26,0
DA:28,0
DA:30,0
DA:31,0
DA:37,0
DA:38,0
DA:46,1
DA:47,0
DA:48,0
DA:50,0
DA:51,0
DA:57,0
DA:61,0
DA:66,1
DA:67,0
DA:69,0
DA:71,0
DA:72,0
DA:78,0
DA:82,0
LF:27
LH:5
BRF:0
BRH:0
end_of_record
TN:
SF:/Users/andela/Desktop/projects/react/shopmate/src/redux/actionCreators/sidebarActions.js
FN:4,(anonymous_0)
FN:4,(anonymous_1)
FN:7,(anonymous_2)
FN:7,(anonymous_3)
FNF:4
FNH:0
FNDA:0,(anonymous_0)
FNDA:0,(anonymous_1)
FNDA:0,(anonymous_2)
FNDA:0,(anonymous_3)
DA:4,1
DA:5,0
DA:7,1
DA:8,0
LF:4
LH:2
BRF:0
BRH:0
end_of_record
TN:
SF:/Users/andela/Desktop/projects/react/shopmate/src/redux/constants/authActionTypes.js
FNF:0
FNH:0
DA:1,2
DA:2,2
DA:3,2
DA:4,2
DA:5,2
DA:6,2
DA:7,2
DA:8,2
LF:8
LH:8
BRF:0
BRH:0
end_of_record
TN:
SF:/Users/andela/Desktop/projects/react/shopmate/src/redux/constants/cartActionTypes.js
FNF:0
FNH:0
DA:1,2
DA:2,2
DA:3,2
DA:4,2
DA:5,2
DA:6,2
DA:7,2
DA:8,2
DA:9,2
DA:10,2
DA:11,2
DA:12,2
DA:13,2
DA:14,2
DA:15,2
LF:15
LH:15
BRF:0
BRH:0
end_of_record
TN:
SF:/Users/andela/Desktop/projects/react/shopmate/src/redux/constants/modalActionTypes.js
FNF:0
FNH:0
DA:1,2
DA:2,2
DA:3,2
DA:4,2
DA:5,2
DA:6,2
DA:7,2
DA:8,2
LF:8
LH:8
BRF:0
BRH:0
end_of_record
TN:
SF:/Users/andela/Desktop/projects/react/shopmate/src/redux/constants/orderActionTypes.js
FNF:0
FNH:0
DA:1,1
DA:2,1
DA:3,1
DA:4,1
DA:5,1
DA:6,1
DA:7,1
DA:8,1
DA:9,1
LF:9
LH:9
BRF:0
BRH:0
end_of_record
TN:
SF:/Users/andela/Desktop/projects/react/shopmate/src/redux/constants/productActionTypes.js
FNF:0
FNH:0
DA:1,3
DA:2,3
DA:3,3
DA:4,3
DA:5,3
DA:6,3
DA:7,3
DA:8,3
DA:9,3
DA:10,3
DA:11,3
DA:12,3
DA:13,3
DA:14,3
DA:15,3
LF:15
LH:15
BRF:0
BRH:0
end_of_record
TN:
SF:/Users/andela/Desktop/projects/react/shopmate/src/redux/constants/profileActionTypes.js
FNF:0
FNH:0
DA:1,1
DA:2,1
DA:3,1
DA:4,1
DA:5,1
DA:6,1
LF:6
LH:6
BRF:0
BRH:0
end_of_record
TN:
SF:/Users/andela/Desktop/projects/react/shopmate/src/redux/constants/sidebarActionTypes.js
FNF:0
FNH:0
DA:1,1
DA:2,1
LF:2
LH:2
BRF:0
BRH:0
end_of_record
TN:
SF:/Users/andela/Desktop/projects/react/shopmate/src/redux/reducers/authReducer.js
FN:13,(anonymous_0)
FNF:1
FNH:0
FNDA:0,(anonymous_0)
DA:13,0
DA:14,0
DA:16,0
DA:25,0
DA:34,0
DA:43,0
DA:51,0
DA:62,0
DA:71,0
DA:80,0
DA:85,0
LF:11
LH:0
BRDA:13,0,0,0
BRDA:14,1,0,0
BRDA:14,1,1,0
BRDA:14,1,2,0
BRDA:14,1,3,0
BRDA:14,1,4,0
BRDA:14,1,5,0
BRDA:14,1,6,0
BRDA:14,1,7,0
BRDA:14,1,8,0
BRF:10
BRH:0
end_of_record
TN:
SF:/Users/andela/Desktop/projects/react/shopmate/src/redux/reducers/cartReducer.js
FN:9,(anonymous_0)
FNF:1
FNH:0
FNDA:0,(anonymous_0)
DA:9,0
DA:10,0
DA:12,0
DA:17,0
DA:21,0
DA:26,0
DA:31,0
LF:7
LH:0
BRDA:9,0,0,0
BRDA:10,1,0,0
BRDA:10,1,1,0
BRDA:10,1,2,0
BRDA:10,1,3,0
BRDA:10,1,4,0
BRF:6
BRH:0
end_of_record
TN:
SF:/Users/andela/Desktop/projects/react/shopmate/src/redux/reducers/initialState.js
FNF:0
FNH:0
LF:0
LH:0
BRF:0
BRH:0
end_of_record
TN:
SF:/Users/andela/Desktop/projects/react/shopmate/src/redux/reducers/loginReducer.js
FN:8,(anonymous_0)
FNF:1
FNH:0
FNDA:0,(anonymous_0)
DA:8,0
DA:9,0
DA:11,0
DA:19,0
DA:26,0
DA:34,0
LF:6
LH:0
BRDA:8,0,0,0
BRDA:9,1,0,0
BRDA:9,1,1,0
BRDA:9,1,2,0
BRDA:9,1,3,0
BRF:5
BRH:0
end_of_record
TN:
SF:/Users/andela/Desktop/projects/react/shopmate/src/redux/reducers/modalReducer.js
FN:13,(anonymous_0)
FNF:1
FNH:0
FNDA:0,(anonymous_0)
DA:13,0
DA:14,0
DA:16,0
DA:23,0
DA:30,0
DA:37,0
DA:43,0
DA:49,0
DA:54,0
DA:60,0
DA:65,0
LF:11
LH:0
BRDA:13,0,0,0
BRDA:14,1,0,0
BRDA:14,1,1,0
BRDA:14,1,2,0
BRDA:14,1,3,0
BRDA:14,1,4,0
BRDA:14,1,5,0
BRDA:14,1,6,0
BRDA:14,1,7,0
BRDA:14,1,8,0
BRF:10
BRH:0
end_of_record
TN:
SF:/Users/andela/Desktop/projects/react/shopmate/src/redux/reducers/orderReducer.js
FN:14,(anonymous_0)
FNF:1
FNH:0
FNDA:0,(anonymous_0)
DA:14,0
DA:15,0
DA:17,0
DA:26,0
DA:34,0
DA:41,0
DA:49,0
DA:57,0
DA:64,0
DA:72,0
DA:80,0
DA:87,0
LF:12
LH:0
BRDA:14,0,0,0
BRDA:15,1,0,0
BRDA:15,1,1,0
BRDA:15,1,2,0
BRDA:15,1,3,0
BRDA:15,1,4,0
BRDA:15,1,5,0
BRDA:15,1,6,0
BRDA:15,1,7,0
BRDA:15,1,8,0
BRDA:15,1,9,0
BRF:11
BRH:0
end_of_record
TN:
SF:/Users/andela/Desktop/projects/react/shopmate/src/redux/reducers/productReducer.js
FN:11,(anonymous_0)
FNF:1
FNH:0
FNDA:0,(anonymous_0)
DA:11,0
DA:12,0
DA:14,0
DA:22,0
DA:30,0
DA:36,0
DA:41,0
DA:47,0
DA:53,0
LF:9
LH:0
BRDA:11,0,0,0
BRDA:12,1,0,0
BRDA:12,1,1,0
BRDA:12,1,2,0
BRDA:12,1,3,0
BRDA:12,1,4,0
BRDA:12,1,5,0
BRDA:12,1,6,0
BRF:8
BRH:0
end_of_record
TN:
SF:/Users/andela/Desktop/projects/react/shopmate/src/redux/reducers/productsReducer.js
FN:11,(anonymous_0)
FNF:1
FNH:1
FNDA:4,(anonymous_0)
DA:11,1
DA:12,4
DA:14,1
DA:21,1
DA:31,1
DA:37,0
DA:44,0
DA:53,0
DA:59,1
LF:9
LH:6
BRDA:11,0,0,4
BRDA:12,1,0,1
BRDA:12,1,1,1
BRDA:12,1,2,1
BRDA:12,1,3,0
BRDA:12,1,4,0
BRDA:12,1,5,0
BRDA:12,1,6,1
BRF:8
BRH:5
end_of_record
TN:
SF:/Users/andela/Desktop/projects/react/shopmate/src/redux/reducers/profileReducer.js
FN:11,(anonymous_0)
FNF:1
FNH:0
FNDA:0,(anonymous_0)
DA:11,0
DA:12,0
DA:14,0
DA:18,0
DA:23,0
DA:28,0
DA:34,0
DA:41,0
DA:48,0
LF:9
LH:0
BRDA:11,0,0,0
BRDA:12,1,0,0
BRDA:12,1,1,0
BRDA:12,1,2,0
BRDA:12,1,3,0
BRDA:12,1,4,0
BRDA:12,1,5,0
BRDA:12,1,6,0
BRF:8
BRH:0
end_of_record
TN:
SF:/Users/andela/Desktop/projects/react/shopmate/src/redux/reducers/settingsReducer.js
FN:3,(anonymous_0)
FNF:1
FNH:0
FNDA:0,(anonymous_0)
DA:3,0
DA:4,0
DA:6,0
LF:3
LH:0
BRDA:3,0,0,0
BRDA:4,1,0,0
BRF:2
BRH:0
end_of_record
TN:
SF:/Users/andela/Desktop/projects/react/shopmate/src/redux/reducers/sidebarReducer.js
FN:7,(anonymous_0)
FNF:1
FNH:0
FNDA:0,(anonymous_0)
DA:7,0
DA:8,0
DA:10,0
DA:16,0
DA:22,0
LF:5
LH:0
BRDA:7,0,0,0
BRDA:8,1,0,0
BRDA:8,1,1,0
BRDA:8,1,2,0
BRF:4
BRH:0
end_of_record
TN:
SF:/Users/andela/Desktop/projects/react/shopmate/src/services/AuthToken.js
FN:4,(anonymous_0)
FNF:1
FNH:1
FNDA:2,(anonymous_0)
DA:4,2
DA:5,2
DA:6,2
DA:8,0
LF:4
LH:3
BRDA:5,0,0,2
BRDA:5,0,1,0
BRF:2
BRH:1
end_of_record
TN:
SF:/Users/andela/Desktop/projects/react/shopmate/src/services/errorHandler.js
FN:1,(anonymous_0)
FNF:1
FNH:1
FNDA:4,(anonymous_0)
DA:3,4
DA:4,4
DA:5,0
DA:6,0
DA:8,0
DA:10,4
LF:6
LH:3
BRDA:3,0,0,4
BRDA:3,0,1,0
BRDA:3,1,0,4
BRDA:3,1,1,4
BRDA:5,2,0,0
BRDA:5,2,1,0
BRF:6
BRH:3
end_of_record
TN:
SF:/Users/andela/Desktop/projects/react/shopmate/src/views/CheckoutPage/CheckoutPage.jsx
FN:16,(anonymous_0)
FN:39,(anonymous_1)
FN:41,(anonymous_2)
FN:51,(anonymous_3)
FN:54,(anonymous_4)
FN:64,(anonymous_5)
FN:68,(anonymous_6)
FN:70,(anonymous_7)
FN:81,(anonymous_8)
FN:92,(anonymous_9)
FN:93,(anonymous_10)
FN:102,(anonymous_11)
FN:141,(anonymous_12)
FN:289,(anonymous_13)
FNF:14
FNH:0
FNDA:0,(anonymous_0)
FNDA:0,(anonymous_1)
FNDA:0,(anonymous_2)
FNDA:0,(anonymous_3)
FNDA:0,(anonymous_4)
FNDA:0,(anonymous_5)
FNDA:0,(anonymous_6)
FNDA:0,(anonymous_7)
FNDA:0,(anonymous_8)
FNDA:0,(anonymous_9)
FNDA:0,(anonymous_10)
FNDA:0,(anonymous_11)
FNDA:0,(anonymous_12)
FNDA:0,(anonymous_13)
DA:17,0
DA:18,0
DA:31,0
DA:32,0
DA:35,0
DA:36,0
DA:42,0
DA:43,0
DA:48,0
DA:52,0
DA:53,0
DA:54,0
DA:55,0
DA:65,0
DA:69,0
DA:70,0
DA:71,0
DA:82,0
DA:83,0
DA:88,0
DA:93,0
DA:94,0
DA:103,0
DA:104,0
DA:113,0
DA:114,0
DA:122,0
DA:123,0
DA:131,0
DA:132,0
DA:142,0
DA:143,0
DA:144,0
DA:145,0
DA:157,0
DA:158,0
DA:167,0
DA:168,0
DA:184,0
DA:283,1
DA:289,1
LF:41
LH:2
BRDA:42,0,0,0
BRDA:42,0,1,0
BRDA:42,1,0,0
BRDA:42,1,1,0
BRDA:103,2,0,0
BRDA:103,2,1,0
BRDA:113,3,0,0
BRDA:113,3,1,0
BRDA:122,4,0,0
BRDA:122,4,1,0
BRDA:131,5,0,0
BRDA:131,5,1,0
BRDA:144,6,0,0
BRDA:144,6,1,0
BRDA:157,7,0,0
BRDA:157,7,1,0
BRDA:167,8,0,0
BRDA:167,8,1,0
BRF:18
BRH:0
end_of_record
TN:
SF:/Users/andela/Desktop/projects/react/shopmate/src/views/CheckoutPage/OrderSuccess.jsx
FN:3,OrderSuccess
FNF:1
FNH:0
FNDA:0,OrderSuccess
DA:5,0
LF:1
LH:0
BRF:0
BRH:0
end_of_record
TN:
SF:/Users/andela/Desktop/projects/react/shopmate/src/views/CheckoutPage/OrderSummary.jsx
FN:5,OrderSummary
FNF:1
FNH:0
FNDA:0,OrderSummary
DA:8,0
DA:10,0
DA:43,1
LF:3
LH:1
BRF:0
BRH:0
end_of_record
TN:
SF:/Users/andela/Desktop/projects/react/shopmate/src/views/CheckoutPage/countries.js
FNF:0
FNH:0
DA:2,1
LF:1
LH:1
BRF:0
BRH:0
end_of_record
TN:
SF:/Users/andela/Desktop/projects/react/shopmate/src/views/Home/Home.jsx
FN:34,(anonymous_0)
FN:43,(anonymous_1)
FN:48,(anonymous_2)
FN:53,(anonymous_3)
FN:57,(anonymous_4)
FN:72,(anonymous_5)
FN:83,(anonymous_6)
FN:115,(anonymous_7)
FN:129,(anonymous_8)
FN:136,(anonymous_9)
FN:139,(anonymous_10)
FN:172,(anonymous_11)
FNF:12
FNH:0
FNDA:0,(anonymous_0)
FNDA:0,(anonymous_1)
FNDA:0,(anonymous_2)
FNDA:0,(anonymous_3)
FNDA:0,(anonymous_4)
FNDA:0,(anonymous_5)
FNDA:0,(anonymous_6)
FNDA:0,(anonymous_7)
FNDA:0,(anonymous_8)
FNDA:0,(anonymous_9)
FNDA:0,(anonymous_10)
FNDA:0,(anonymous_11)
DA:35,0
DA:36,0
DA:37,0
DA:44,0
DA:45,0
DA:49,0
DA:50,0
DA:54,0
DA:58,0
DA:73,0
DA:74,0
DA:84,0
DA:85,0
DA:116,0
DA:117,0
DA:130,0
DA:136,0
DA:140,0
DA:157,1
DA:172,1
LF:20
LH:2
BRDA:77,0,0,0
BRDA:77,0,1,0
BRDA:89,1,0,0
BRDA:89,1,1,0
BRDA:123,2,0,0
BRDA:123,2,1,0
BRF:6
BRH:0
end_of_record
TN:
SF:/Users/andela/Desktop/projects/react/shopmate/src/views/ProductPage/ProductPage.jsx
FN:12,(anonymous_0)
FN:29,(anonymous_1)
FN:35,(anonymous_2)
FN:37,(anonymous_3)
FN:41,(anonymous_4)
FN:49,(anonymous_5)
FN:51,(anonymous_6)
FN:58,(anonymous_7)
FN:61,(anonymous_8)
FN:65,(anonymous_9)
FN:66,(anonymous_10)
FN:69,(anonymous_11)
FN:70,(anonymous_12)
FN:73,(anonymous_13)
FN:87,(anonymous_14)
FN:97,(anonymous_15)
FN:107,(anonymous_16)
FN:115,(anonymous_17)
FN:124,(anonymous_18)
FN:126,(anonymous_19)
FN:133,(anonymous_20)
FN:142,(anonymous_21)
FN:153,(anonymous_22)
FN:154,(anonymous_23)
FN:159,(anonymous_24)
FN:199,(anonymous_25)
FN:212,(anonymous_26)
FN:227,(anonymous_27)
FN:317,(anonymous_28)
FNF:29
FNH:0
FNDA:0,(anonymous_0)
FNDA:0,(anonymous_1)
FNDA:0,(anonymous_2)
FNDA:0,(anonymous_3)
FNDA:0,(anonymous_4)
FNDA:0,(anonymous_5)
FNDA:0,(anonymous_6)
FNDA:0,(anonymous_7)
FNDA:0,(anonymous_8)
FNDA:0,(anonymous_9)
FNDA:0,(anonymous_10)
FNDA:0,(anonymous_11)
FNDA:0,(anonymous_12)
FNDA:0,(anonymous_13)
FNDA:0,(anonymous_14)
FNDA:0,(anonymous_15)
FNDA:0,(anonymous_16)
FNDA:0,(anonymous_17)
FNDA:0,(anonymous_18)
FNDA:0,(anonymous_19)
FNDA:0,(anonymous_20)
FNDA:0,(anonymous_21)
FNDA:0,(anonymous_22)
FNDA:0,(anonymous_23)
FNDA:0,(anonymous_24)
FNDA:0,(anonymous_25)
FNDA:0,(anonymous_26)
FNDA:0,(anonymous_27)
FNDA:0,(anonymous_28)
DA:13,0
DA:14,0
DA:15,0
DA:16,0
DA:17,0
DA:19,0
DA:30,0
DA:31,0
DA:32,0
DA:38,0
DA:42,0
DA:43,0
DA:45,0
DA:50,0
DA:51,0
DA:52,0
DA:53,0
DA:55,0
DA:59,0
DA:62,0
DA:66,0
DA:70,0
DA:74,0
DA:75,0
DA:76,0
DA:78,0
DA:84,0
DA:88,0
DA:97,0
DA:99,0
DA:100,0
DA:107,0
DA:111,0
DA:115,0
DA:125,0
DA:126,0
DA:128,0
DA:129,0
DA:133,0
DA:140,0
DA:142,0
DA:154,0
DA:156,0
DA:160,0
DA:161,0
DA:164,0
DA:165,0
DA:170,0
DA:199,0
DA:212,0
DA:227,0
DA:306,1
DA:317,1
LF:53
LH:2
BRDA:42,0,0,0
BRDA:42,0,1,0
BRDA:99,1,0,0
BRDA:99,1,1,0
BRDA:128,2,0,0
BRDA:128,2,1,0
BRDA:164,3,0,0
BRDA:164,3,1,0
BRDA:165,4,0,0
BRDA:165,4,1,0
BRDA:173,5,0,0
BRDA:173,5,1,0
BRF:12
BRH:0
end_of_record
TN:
SF:/Users/andela/Desktop/projects/react/shopmate/src/views/ProductPage/images.js
FNF:0
FNH:0
LF:0
LH:0
BRF:0
BRH:0
end_of_record
